2020-07-31 11:28:12.519 WARN  [main]o.s.b.w.s.c.AnnotationConfigServletWebServerApplicationContext.refresh:558 -Exception encountered during context initialization - cancelling refresh attempt: org.springframework.beans.factory.BeanCreationException: Error creating bean with name 'shiroFilterFactoryBean' defined in class path resource [com/lt/blog/config/ShiroConfig.class]: BeanPostProcessor before instantiation of bean failed; nested exception is org.springframework.beans.factory.UnsatisfiedDependencyException: Error creating bean with name 'authorizationAttributeSourceAdvisor' defined in class path resource [com/lt/blog/config/ShiroConfig.class]: Unsatisfied dependency expressed through method 'authorizationAttributeSourceAdvisor' parameter 0; nested exception is org.springframework.beans.factory.UnsatisfiedDependencyException: Error creating bean with name 'securityManager' defined in class path resource [com/lt/blog/config/ShiroConfig.class]: Unsatisfied dependency expressed through method 'securityManager' parameter 0; nested exception is org.springframework.beans.factory.UnsatisfiedDependencyException: Error creating bean with name 'adminRealm': Unsatisfied dependency expressed through field 'userService'; nested exception is org.springframework.beans.factory.NoSuchBeanDefinitionException: No qualifying bean of type 'com.lt.blog.service.UserService' available: expected at least 1 bean which qualifies as autowire candidate. Dependency annotations: {@org.springframework.beans.factory.annotation.Autowired(required=true)}
2020-07-31 11:36:56.766 WARN  [http-nio-8080-exec-1]o.s.w.s.mvc.support.DefaultHandlerExceptionResolver.logException:199 -Resolved [org.springframework.web.HttpRequestMethodNotSupportedException: Request method 'GET' not supported]
2020-07-31 11:36:57.991 WARN  [http-nio-8080-exec-2]org.apache.catalina.util.SessionIdGeneratorBase.log:173 -Creation of SecureRandom instance for session ID generation using [SHA1PRNG] took [935] milliseconds.
2020-07-31 11:38:55.180 WARN  [http-nio-8080-exec-1]o.s.w.s.mvc.support.DefaultHandlerExceptionResolver.logException:199 -Resolved [org.springframework.web.HttpRequestMethodNotSupportedException: Request method 'GET' not supported]
2020-07-31 11:38:56.881 WARN  [http-nio-8080-exec-2]org.apache.catalina.util.SessionIdGeneratorBase.log:173 -Creation of SecureRandom instance for session ID generation using [SHA1PRNG] took [844] milliseconds.
2020-07-31 11:39:09.872 WARN  [http-nio-8080-exec-5]o.s.w.s.mvc.support.DefaultHandlerExceptionResolver.logException:199 -Resolved [org.springframework.web.HttpRequestMethodNotSupportedException: Request method 'GET' not supported]
2020-07-31 11:41:15.243 WARN  [http-nio-8080-exec-1]org.apache.catalina.util.SessionIdGeneratorBase.log:173 -Creation of SecureRandom instance for session ID generation using [SHA1PRNG] took [876] milliseconds.
2020-07-31 11:44:19.508 WARN  [http-nio-8080-exec-5]org.apache.shiro.authc.AbstractAuthenticator.authenticate:216 -Authentication failed for token submission [com.lt.blog.token.UsernamePasswordToken - "admin", rememberMe=false].  Possible unexpected error? (Typical or expected login exceptions should extend from AuthenticationException).
com.lt.blog.exception.BlogException: 用户不存在！
	at com.lt.blog.realm.AdminRealm.doGetAuthenticationInfo(AdminRealm.java:63)
	at org.apache.shiro.realm.AuthenticatingRealm.getAuthenticationInfo(AuthenticatingRealm.java:568)
	at org.apache.shiro.authc.pam.ModularRealmAuthenticator.doSingleRealmAuthentication(ModularRealmAuthenticator.java:180)
	at org.apache.shiro.authc.pam.ModularRealmAuthenticator.doAuthenticate(ModularRealmAuthenticator.java:267)
	at org.apache.shiro.authc.AbstractAuthenticator.authenticate(AbstractAuthenticator.java:198)
	at org.apache.shiro.mgt.AuthenticatingSecurityManager.authenticate(AuthenticatingSecurityManager.java:106)
	at org.apache.shiro.mgt.DefaultSecurityManager.login(DefaultSecurityManager.java:270)
	at org.apache.shiro.subject.support.DelegatingSubject.login(DelegatingSubject.java:256)
	at com.lt.blog.controller.AdminController.login(AdminController.java:50)
	at com.lt.blog.controller.AdminController$$FastClassBySpringCGLIB$$f1522ecc.invoke(<generated>)
	at org.springframework.cglib.proxy.MethodProxy.invoke(MethodProxy.java:218)
	at org.springframework.aop.framework.CglibAopProxy$CglibMethodInvocation.invokeJoinpoint(CglibAopProxy.java:771)
	at org.springframework.aop.framework.ReflectiveMethodInvocation.proceed(ReflectiveMethodInvocation.java:163)
	at org.springframework.aop.framework.CglibAopProxy$CglibMethodInvocation.proceed(CglibAopProxy.java:749)
	at org.springframework.aop.framework.adapter.MethodBeforeAdviceInterceptor.invoke(MethodBeforeAdviceInterceptor.java:56)
	at org.springframework.aop.framework.ReflectiveMethodInvocation.proceed(ReflectiveMethodInvocation.java:186)
	at org.springframework.aop.framework.CglibAopProxy$CglibMethodInvocation.proceed(CglibAopProxy.java:749)
	at org.springframework.aop.aspectj.MethodInvocationProceedingJoinPoint.proceed(MethodInvocationProceedingJoinPoint.java:88)
	at com.lt.blog.aspect.RequestAspect.doAround(RequestAspect.java:66)
	at java.base/jdk.internal.reflect.NativeMethodAccessorImpl.invoke0(Native Method)
	at java.base/jdk.internal.reflect.NativeMethodAccessorImpl.invoke(NativeMethodAccessorImpl.java:62)
	at java.base/jdk.internal.reflect.DelegatingMethodAccessorImpl.invoke(DelegatingMethodAccessorImpl.java:43)
	at java.base/java.lang.reflect.Method.invoke(Method.java:566)
	at org.springframework.aop.aspectj.AbstractAspectJAdvice.invokeAdviceMethodWithGivenArgs(AbstractAspectJAdvice.java:644)
	at org.springframework.aop.aspectj.AbstractAspectJAdvice.invokeAdviceMethod(AbstractAspectJAdvice.java:633)
	at org.springframework.aop.aspectj.AspectJAroundAdvice.invoke(AspectJAroundAdvice.java:70)
	at org.springframework.aop.framework.ReflectiveMethodInvocation.proceed(ReflectiveMethodInvocation.java:186)
	at org.springframework.aop.framework.CglibAopProxy$CglibMethodInvocation.proceed(CglibAopProxy.java:749)
	at org.springframework.aop.framework.adapter.AfterReturningAdviceInterceptor.invoke(AfterReturningAdviceInterceptor.java:55)
	at org.springframework.aop.framework.ReflectiveMethodInvocation.proceed(ReflectiveMethodInvocation.java:186)
	at org.springframework.aop.framework.CglibAopProxy$CglibMethodInvocation.proceed(CglibAopProxy.java:749)
	at org.springframework.aop.aspectj.AspectJAfterThrowingAdvice.invoke(AspectJAfterThrowingAdvice.java:62)
	at org.springframework.aop.framework.ReflectiveMethodInvocation.proceed(ReflectiveMethodInvocation.java:186)
	at org.springframework.aop.framework.CglibAopProxy$CglibMethodInvocation.proceed(CglibAopProxy.java:749)
	at org.springframework.aop.interceptor.ExposeInvocationInterceptor.invoke(ExposeInvocationInterceptor.java:95)
	at org.springframework.aop.framework.ReflectiveMethodInvocation.proceed(ReflectiveMethodInvocation.java:186)
	at org.springframework.aop.framework.CglibAopProxy$CglibMethodInvocation.proceed(CglibAopProxy.java:749)
	at org.springframework.aop.framework.CglibAopProxy$DynamicAdvisedInterceptor.intercept(CglibAopProxy.java:691)
	at com.lt.blog.controller.AdminController$$EnhancerBySpringCGLIB$$20970991.login(<generated>)
	at java.base/jdk.internal.reflect.NativeMethodAccessorImpl.invoke0(Native Method)
	at java.base/jdk.internal.reflect.NativeMethodAccessorImpl.invoke(NativeMethodAccessorImpl.java:62)
	at java.base/jdk.internal.reflect.DelegatingMethodAccessorImpl.invoke(DelegatingMethodAccessorImpl.java:43)
	at java.base/java.lang.reflect.Method.invoke(Method.java:566)
	at org.springframework.web.method.support.InvocableHandlerMethod.doInvoke(InvocableHandlerMethod.java:190)
	at org.springframework.web.method.support.InvocableHandlerMethod.invokeForRequest(InvocableHandlerMethod.java:138)
	at org.springframework.web.servlet.mvc.method.annotation.ServletInvocableHandlerMethod.invokeAndHandle(ServletInvocableHandlerMethod.java:105)
	at org.springframework.web.servlet.mvc.method.annotation.RequestMappingHandlerAdapter.invokeHandlerMethod(RequestMappingHandlerAdapter.java:879)
	at org.springframework.web.servlet.mvc.method.annotation.RequestMappingHandlerAdapter.handleInternal(RequestMappingHandlerAdapter.java:793)
	at org.springframework.web.servlet.mvc.method.AbstractHandlerMethodAdapter.handle(AbstractHandlerMethodAdapter.java:87)
	at org.springframework.web.servlet.DispatcherServlet.doDispatch(DispatcherServlet.java:1040)
	at org.springframework.web.servlet.DispatcherServlet.doService(DispatcherServlet.java:943)
	at org.springframework.web.servlet.FrameworkServlet.processRequest(FrameworkServlet.java:1006)
	at org.springframework.web.servlet.FrameworkServlet.doGet(FrameworkServlet.java:898)
	at javax.servlet.http.HttpServlet.service(HttpServlet.java:634)
	at org.springframework.web.servlet.FrameworkServlet.service(FrameworkServlet.java:883)
	at javax.servlet.http.HttpServlet.service(HttpServlet.java:741)
	at org.apache.catalina.core.ApplicationFilterChain.internalDoFilter(ApplicationFilterChain.java:231)
	at org.apache.catalina.core.ApplicationFilterChain.doFilter(ApplicationFilterChain.java:166)
	at org.apache.tomcat.websocket.server.WsFilter.doFilter(WsFilter.java:53)
	at org.apache.catalina.core.ApplicationFilterChain.internalDoFilter(ApplicationFilterChain.java:193)
	at org.apache.catalina.core.ApplicationFilterChain.doFilter(ApplicationFilterChain.java:166)
	at org.apache.shiro.web.servlet.ProxiedFilterChain.doFilter(ProxiedFilterChain.java:61)
	at org.apache.shiro.web.servlet.AdviceFilter.executeChain(AdviceFilter.java:108)
	at org.apache.shiro.web.servlet.AdviceFilter.doFilterInternal(AdviceFilter.java:137)
	at org.apache.shiro.web.servlet.OncePerRequestFilter.doFilter(OncePerRequestFilter.java:125)
	at org.apache.shiro.web.servlet.ProxiedFilterChain.doFilter(ProxiedFilterChain.java:66)
	at org.apache.shiro.web.servlet.AbstractShiroFilter.executeChain(AbstractShiroFilter.java:449)
	at org.apache.shiro.web.servlet.AbstractShiroFilter$1.call(AbstractShiroFilter.java:365)
	at org.apache.shiro.subject.support.SubjectCallable.doCall(SubjectCallable.java:90)
	at org.apache.shiro.subject.support.SubjectCallable.call(SubjectCallable.java:83)
	at org.apache.shiro.subject.support.DelegatingSubject.execute(DelegatingSubject.java:383)
	at org.apache.shiro.web.servlet.AbstractShiroFilter.doFilterInternal(AbstractShiroFilter.java:362)
	at org.apache.shiro.web.servlet.OncePerRequestFilter.doFilter(OncePerRequestFilter.java:125)
	at org.apache.catalina.core.ApplicationFilterChain.internalDoFilter(ApplicationFilterChain.java:193)
	at org.apache.catalina.core.ApplicationFilterChain.doFilter(ApplicationFilterChain.java:166)
	at com.alibaba.druid.support.http.WebStatFilter.doFilter(WebStatFilter.java:123)
	at org.apache.catalina.core.ApplicationFilterChain.internalDoFilter(ApplicationFilterChain.java:193)
	at org.apache.catalina.core.ApplicationFilterChain.doFilter(ApplicationFilterChain.java:166)
	at org.springframework.web.filter.CharacterEncodingFilter.doFilterInternal(CharacterEncodingFilter.java:201)
	at org.springframework.web.filter.OncePerRequestFilter.doFilter(OncePerRequestFilter.java:119)
	at org.apache.catalina.core.ApplicationFilterChain.internalDoFilter(ApplicationFilterChain.java:193)
	at org.apache.catalina.core.ApplicationFilterChain.doFilter(ApplicationFilterChain.java:166)
	at org.apache.catalina.core.StandardWrapperValve.invoke(StandardWrapperValve.java:202)
	at org.apache.catalina.core.StandardContextValve.invoke(StandardContextValve.java:96)
	at org.apache.catalina.authenticator.AuthenticatorBase.invoke(AuthenticatorBase.java:541)
	at org.apache.catalina.core.StandardHostValve.invoke(StandardHostValve.java:139)
	at org.apache.catalina.valves.ErrorReportValve.invoke(ErrorReportValve.java:92)
	at org.apache.catalina.core.StandardEngineValve.invoke(StandardEngineValve.java:74)
	at org.apache.catalina.connector.CoyoteAdapter.service(CoyoteAdapter.java:343)
	at org.apache.coyote.http11.Http11Processor.service(Http11Processor.java:373)
	at org.apache.coyote.AbstractProcessorLight.process(AbstractProcessorLight.java:65)
	at org.apache.coyote.AbstractProtocol$ConnectionHandler.process(AbstractProtocol.java:868)
	at org.apache.tomcat.util.net.NioEndpoint$SocketProcessor.doRun(NioEndpoint.java:1590)
	at org.apache.tomcat.util.net.SocketProcessorBase.run(SocketProcessorBase.java:49)
	at java.base/java.util.concurrent.ThreadPoolExecutor.runWorker(ThreadPoolExecutor.java:1128)
	at java.base/java.util.concurrent.ThreadPoolExecutor$Worker.run(ThreadPoolExecutor.java:628)
	at org.apache.tomcat.util.threads.TaskThread$WrappingRunnable.run(TaskThread.java:61)
	at java.base/java.lang.Thread.run(Thread.java:834)
2020-07-31 11:44:57.354 WARN  [http-nio-8080-exec-10]org.springframework.web.servlet.PageNotFound.noHandlerFound:1251 -No mapping for GET /favicon.ico
2020-07-31 11:47:04.077 WARN  [http-nio-8080-exec-6]org.springframework.web.servlet.PageNotFound.noHandlerFound:1251 -No mapping for GET /hello.html
2020-07-31 17:36:52.244 WARN  [http-nio-8080-exec-1]org.apache.catalina.util.SessionIdGeneratorBase.log:173 -Creation of SecureRandom instance for session ID generation using [SHA1PRNG] took [1,049] milliseconds.
2020-07-31 17:50:14.453 WARN  [http-nio-8080-exec-2]o.s.w.s.mvc.support.DefaultHandlerExceptionResolver.logException:199 -Resolved [org.springframework.web.HttpRequestMethodNotSupportedException: Request method 'POST' not supported]
2020-07-31 17:50:35.965 WARN  [http-nio-8080-exec-4]o.s.w.s.mvc.support.DefaultHandlerExceptionResolver.logException:199 -Resolved [org.springframework.web.HttpRequestMethodNotSupportedException: Request method 'POST' not supported]
2020-07-31 18:06:18.119 WARN  [http-nio-8080-exec-7]org.springframework.web.servlet.PageNotFound.noHandlerFound:1251 -No mapping for PUT /enable/6
2020-07-31 18:39:46.295 WARN  [http-nio-8080-exec-2]org.apache.catalina.util.SessionIdGeneratorBase.log:173 -Creation of SecureRandom instance for session ID generation using [SHA1PRNG] took [1,065] milliseconds.
2020-07-31 19:05:21.683 WARN  [http-nio-8080-exec-6]org.springframework.web.servlet.PageNotFound.noHandlerFound:1251 -No mapping for POST /link/save
2020-07-31 19:06:09.803 WARN  [http-nio-8080-exec-9]org.springframework.web.servlet.PageNotFound.noHandlerFound:1251 -No mapping for POST /link/save
2020-07-31 19:06:40.821 WARN  [http-nio-8080-exec-10]org.springframework.web.servlet.PageNotFound.noHandlerFound:1251 -No mapping for POST /link/save
2020-07-31 19:07:47.745 WARN  [http-nio-8080-exec-1]org.apache.catalina.util.SessionIdGeneratorBase.log:173 -Creation of SecureRandom instance for session ID generation using [SHA1PRNG] took [1,078] milliseconds.
2020-07-31 19:13:44.533 WARN  [http-nio-8080-exec-2]org.apache.catalina.util.SessionIdGeneratorBase.log:173 -Creation of SecureRandom instance for session ID generation using [SHA1PRNG] took [1,487] milliseconds.
