2020-08-01 20:23:17.338 INFO  [main]com.lt.blog.BlogApplication.logStarting:55 -Starting BlogApplication on SKY-20200425TBP with PID 4492 (E:\git\blog_T\target\classes started by Administrator in E:\git\blog_T)
2020-08-01 20:23:17.380 INFO  [main]com.lt.blog.BlogApplication.logStartupProfileInfo:655 -The following profiles are active: dev
2020-08-01 20:23:19.174 INFO  [main]o.s.c.s.PostProcessorRegistrationDelegate$BeanPostProcessorChecker.postProcessAfterInitialization:335 -Bean 'shiroConfig' of type [com.lt.blog.config.ShiroConfig$$EnhancerBySpringCGLIB$$4e0a670c] is not eligible for getting processed by all BeanPostProcessors (for example: not eligible for auto-proxying)
2020-08-01 20:23:19.236 INFO  [main]o.s.c.s.PostProcessorRegistrationDelegate$BeanPostProcessorChecker.postProcessAfterInitialization:335 -Bean 'mybatis-org.mybatis.spring.boot.autoconfigure.MybatisProperties' of type [org.mybatis.spring.boot.autoconfigure.MybatisProperties] is not eligible for getting processed by all BeanPostProcessors (for example: not eligible for auto-proxying)
2020-08-01 20:23:19.249 INFO  [main]o.s.c.s.PostProcessorRegistrationDelegate$BeanPostProcessorChecker.postProcessAfterInitialization:335 -Bean 'org.mybatis.spring.boot.autoconfigure.MybatisAutoConfiguration' of type [org.mybatis.spring.boot.autoconfigure.MybatisAutoConfiguration$$EnhancerBySpringCGLIB$$65726bdd] is not eligible for getting processed by all BeanPostProcessors (for example: not eligible for auto-proxying)
2020-08-01 20:23:19.254 INFO  [main]o.s.c.s.PostProcessorRegistrationDelegate$BeanPostProcessorChecker.postProcessAfterInitialization:335 -Bean 'com.alibaba.druid.spring.boot.autoconfigure.DruidDataSourceAutoConfigure' of type [com.alibaba.druid.spring.boot.autoconfigure.DruidDataSourceAutoConfigure$$EnhancerBySpringCGLIB$$4c4a101f] is not eligible for getting processed by all BeanPostProcessors (for example: not eligible for auto-proxying)
2020-08-01 20:23:19.258 INFO  [main]c.a.d.s.boot.autoconfigure.DruidDataSourceAutoConfigure.dataSource:56 -Init DruidDataSource
2020-08-01 20:23:19.324 INFO  [main]o.s.c.s.PostProcessorRegistrationDelegate$BeanPostProcessorChecker.postProcessAfterInitialization:335 -Bean 'spring.datasource-org.springframework.boot.autoconfigure.jdbc.DataSourceProperties' of type [org.springframework.boot.autoconfigure.jdbc.DataSourceProperties] is not eligible for getting processed by all BeanPostProcessors (for example: not eligible for auto-proxying)
2020-08-01 20:23:19.341 INFO  [main]o.s.c.s.PostProcessorRegistrationDelegate$BeanPostProcessorChecker.postProcessAfterInitialization:335 -Bean 'com.alibaba.druid.spring.boot.autoconfigure.stat.DruidFilterConfiguration' of type [com.alibaba.druid.spring.boot.autoconfigure.stat.DruidFilterConfiguration] is not eligible for getting processed by all BeanPostProcessors (for example: not eligible for auto-proxying)
2020-08-01 20:23:19.374 INFO  [main]o.s.c.s.PostProcessorRegistrationDelegate$BeanPostProcessorChecker.postProcessAfterInitialization:335 -Bean 'statFilter' of type [com.alibaba.druid.filter.stat.StatFilter] is not eligible for getting processed by all BeanPostProcessors (for example: not eligible for auto-proxying)
2020-08-01 20:23:21.378 INFO  [main]com.alibaba.druid.pool.DruidDataSource.init:930 -{dataSource-1} inited
2020-08-01 20:23:21.379 INFO  [main]o.s.c.s.PostProcessorRegistrationDelegate$BeanPostProcessorChecker.postProcessAfterInitialization:335 -Bean 'dataSource' of type [com.alibaba.druid.spring.boot.autoconfigure.DruidDataSourceWrapper] is not eligible for getting processed by all BeanPostProcessors (for example: not eligible for auto-proxying)
2020-08-01 20:23:21.493 INFO  [main]o.s.c.s.PostProcessorRegistrationDelegate$BeanPostProcessorChecker.postProcessAfterInitialization:335 -Bean 'org.springframework.boot.autoconfigure.jdbc.DataSourceInitializerInvoker' of type [org.springframework.boot.autoconfigure.jdbc.DataSourceInitializerInvoker] is not eligible for getting processed by all BeanPostProcessors (for example: not eligible for auto-proxying)
2020-08-01 20:23:21.772 INFO  [main]o.s.c.s.PostProcessorRegistrationDelegate$BeanPostProcessorChecker.postProcessAfterInitialization:335 -Bean 'sqlSessionFactory' of type [org.apache.ibatis.session.defaults.DefaultSqlSessionFactory] is not eligible for getting processed by all BeanPostProcessors (for example: not eligible for auto-proxying)
2020-08-01 20:23:21.779 INFO  [main]o.s.c.s.PostProcessorRegistrationDelegate$BeanPostProcessorChecker.postProcessAfterInitialization:335 -Bean 'sqlSessionTemplate' of type [org.mybatis.spring.SqlSessionTemplate] is not eligible for getting processed by all BeanPostProcessors (for example: not eligible for auto-proxying)
2020-08-01 20:23:21.797 INFO  [main]o.s.c.s.PostProcessorRegistrationDelegate$BeanPostProcessorChecker.postProcessAfterInitialization:335 -Bean 'adminMapper' of type [org.mybatis.spring.mapper.MapperFactoryBean] is not eligible for getting processed by all BeanPostProcessors (for example: not eligible for auto-proxying)
2020-08-01 20:23:21.809 INFO  [main]o.s.c.s.PostProcessorRegistrationDelegate$BeanPostProcessorChecker.postProcessAfterInitialization:335 -Bean 'adminMapper' of type [com.sun.proxy.$Proxy73] is not eligible for getting processed by all BeanPostProcessors (for example: not eligible for auto-proxying)
2020-08-01 20:23:21.813 INFO  [main]o.s.c.s.PostProcessorRegistrationDelegate$BeanPostProcessorChecker.postProcessAfterInitialization:335 -Bean 'adminServiceImpl' of type [com.lt.blog.service.impl.AdminServiceImpl] is not eligible for getting processed by all BeanPostProcessors (for example: not eligible for auto-proxying)
2020-08-01 20:23:21.820 INFO  [main]o.s.c.s.PostProcessorRegistrationDelegate$BeanPostProcessorChecker.postProcessAfterInitialization:335 -Bean 'userMapper' of type [org.mybatis.spring.mapper.MapperFactoryBean] is not eligible for getting processed by all BeanPostProcessors (for example: not eligible for auto-proxying)
2020-08-01 20:23:21.822 INFO  [main]o.s.c.s.PostProcessorRegistrationDelegate$BeanPostProcessorChecker.postProcessAfterInitialization:335 -Bean 'userMapper' of type [com.sun.proxy.$Proxy74] is not eligible for getting processed by all BeanPostProcessors (for example: not eligible for auto-proxying)
2020-08-01 20:23:21.829 INFO  [main]o.s.c.s.PostProcessorRegistrationDelegate$BeanPostProcessorChecker.postProcessAfterInitialization:335 -Bean 'userServiceImpl' of type [com.lt.blog.service.impl.UserServiceImpl] is not eligible for getting processed by all BeanPostProcessors (for example: not eligible for auto-proxying)
2020-08-01 20:23:21.831 INFO  [main]o.s.c.s.PostProcessorRegistrationDelegate$BeanPostProcessorChecker.postProcessAfterInitialization:335 -Bean 'adminRealm' of type [com.lt.blog.realm.AdminRealm] is not eligible for getting processed by all BeanPostProcessors (for example: not eligible for auto-proxying)
2020-08-01 20:23:21.932 INFO  [main]o.s.c.s.PostProcessorRegistrationDelegate$BeanPostProcessorChecker.postProcessAfterInitialization:335 -Bean 'securityManager' of type [org.apache.shiro.web.mgt.DefaultWebSecurityManager] is not eligible for getting processed by all BeanPostProcessors (for example: not eligible for auto-proxying)
2020-08-01 20:23:21.959 INFO  [main]o.s.c.s.PostProcessorRegistrationDelegate$BeanPostProcessorChecker.postProcessAfterInitialization:335 -Bean 'authorizationAttributeSourceAdvisor' of type [org.apache.shiro.spring.security.interceptor.AuthorizationAttributeSourceAdvisor] is not eligible for getting processed by all BeanPostProcessors (for example: not eligible for auto-proxying)
2020-08-01 20:23:22.354 INFO  [main]o.s.boot.web.embedded.tomcat.TomcatWebServer.initialize:108 -Tomcat initialized with port(s): 8080 (http)
2020-08-01 20:23:22.364 INFO  [main]org.apache.coyote.http11.Http11NioProtocol.log:173 -Initializing ProtocolHandler ["http-nio-8080"]
2020-08-01 20:23:22.364 INFO  [main]org.apache.catalina.core.StandardService.log:173 -Starting service [Tomcat]
2020-08-01 20:23:22.364 INFO  [main]org.apache.catalina.core.StandardEngine.log:173 -Starting Servlet engine: [Apache Tomcat/9.0.35]
2020-08-01 20:23:22.474 INFO  [main]o.a.catalina.core.ContainerBase.[Tomcat].[localhost].[/].log:173 -Initializing Spring embedded WebApplicationContext
2020-08-01 20:23:22.474 INFO  [main]org.springframework.web.context.ContextLoader.prepareWebApplicationContext:284 -Root WebApplicationContext: initialization completed in 4905 ms
2020-08-01 20:23:24.362 INFO  [main]org.apache.coyote.http11.Http11NioProtocol.log:173 -Starting ProtocolHandler ["http-nio-8080"]
2020-08-01 20:23:24.384 INFO  [main]o.s.boot.web.embedded.tomcat.TomcatWebServer.start:220 -Tomcat started on port(s): 8080 (http) with context path ''
2020-08-01 20:23:24.395 INFO  [main]com.lt.blog.BlogApplication.logStarted:61 -Started BlogApplication in 8.301 seconds (JVM running for 11.828)
2020-08-01 20:24:21.493 INFO  [http-nio-8080-exec-1]o.a.catalina.core.ContainerBase.[Tomcat].[localhost].[/].log:173 -Initializing Spring DispatcherServlet 'dispatcherServlet'
2020-08-01 20:24:21.499 INFO  [http-nio-8080-exec-1]org.springframework.web.servlet.DispatcherServlet.initServletBean:525 -Initializing Servlet 'dispatcherServlet'
2020-08-01 20:24:21.524 INFO  [http-nio-8080-exec-1]org.springframework.web.servlet.DispatcherServlet.initServletBean:547 -Completed initialization in 23 ms
2020-08-01 20:24:21.689 INFO  [http-nio-8080-exec-1]com.lt.blog.aspect.RequestAspect.printRequestLog:113 -请求地址 : /admin/login
2020-08-01 20:24:21.691 INFO  [http-nio-8080-exec-1]com.lt.blog.aspect.RequestAspect.printRequestLog:114 -请求方式 : POST
2020-08-01 20:24:21.691 INFO  [http-nio-8080-exec-1]com.lt.blog.aspect.RequestAspect.printRequestLog:117 -IP : 0:0:0:0:0:0:0:1
2020-08-01 20:24:21.693 INFO  [http-nio-8080-exec-1]com.lt.blog.aspect.RequestAspect.printRequestLog:119 -方法 : com.lt.blog.controller.AdminController.login
2020-08-01 20:24:21.694 INFO  [http-nio-8080-exec-1]com.lt.blog.aspect.RequestAspect.printRequestLog:121 -请求参数：[Admin(id=null, name=null, header=null, signature=null, comment=null, username=admin, password=e10adc3949ba59abbe56e057f20f883e)]
2020-08-01 20:24:23.710 INFO  [http-nio-8080-exec-1]com.lt.blog.aspect.RequestAspect.doAround:68 -耗时 : 2021
2020-08-01 20:24:23.823 INFO  [http-nio-8080-exec-1]com.lt.blog.aspect.RequestAspect.doAfterReturning:82 -返回值：{"code":40002,"msg":"用户名或密码错误！"}
2020-08-01 20:24:39.775 INFO  [http-nio-8080-exec-3]com.lt.blog.aspect.RequestAspect.printRequestLog:113 -请求地址 : /admin/login
2020-08-01 20:24:39.779 INFO  [http-nio-8080-exec-3]com.lt.blog.aspect.RequestAspect.printRequestLog:114 -请求方式 : POST
2020-08-01 20:24:39.784 INFO  [http-nio-8080-exec-3]com.lt.blog.aspect.RequestAspect.printRequestLog:117 -IP : 0:0:0:0:0:0:0:1
2020-08-01 20:24:39.785 INFO  [http-nio-8080-exec-3]com.lt.blog.aspect.RequestAspect.printRequestLog:119 -方法 : com.lt.blog.controller.AdminController.login
2020-08-01 20:24:39.786 INFO  [http-nio-8080-exec-3]com.lt.blog.aspect.RequestAspect.printRequestLog:121 -请求参数：[Admin(id=null, name=null, header=null, signature=null, comment=null, username=admin, password=698d51a19d8a121ce581499d7b701668)]
2020-08-01 20:24:41.153 INFO  [http-nio-8080-exec-3]com.lt.blog.aspect.RequestAspect.doAround:68 -耗时 : 1378
2020-08-01 20:24:41.155 INFO  [http-nio-8080-exec-3]com.lt.blog.aspect.RequestAspect.doAfterReturning:82 -返回值：{"code":20000,"data":{"token":"F389A9F40BCEF2908E70D046DC699E79"},"msg":"操作成功！"}
2020-08-01 20:26:30.229 INFO  [http-nio-8080-exec-6]com.lt.blog.aspect.RequestAspect.printRequestLog:113 -请求地址 : /type/listBack
2020-08-01 20:26:30.232 INFO  [http-nio-8080-exec-6]com.lt.blog.aspect.RequestAspect.printRequestLog:114 -请求方式 : GET
2020-08-01 20:26:30.234 INFO  [http-nio-8080-exec-6]com.lt.blog.aspect.RequestAspect.printRequestLog:117 -IP : 0:0:0:0:0:0:0:1
2020-08-01 20:26:30.234 INFO  [http-nio-8080-exec-6]com.lt.blog.aspect.RequestAspect.printRequestLog:119 -方法 : com.lt.blog.controller.TypeController.list
2020-08-01 20:26:30.235 INFO  [http-nio-8080-exec-6]com.lt.blog.aspect.RequestAspect.printRequestLog:121 -请求参数：[]
2020-08-01 20:26:30.319 INFO  [http-nio-8080-exec-6]com.lt.blog.aspect.RequestAspect.doAround:68 -耗时 : 90
2020-08-01 20:26:30.330 INFO  [http-nio-8080-exec-6]com.lt.blog.aspect.RequestAspect.doAfterReturning:82 -返回值：{"code":20000,"data":[{"enable":1,"typeBlogCount":0,"typeId":1,"typeName":"Java"},{"enable":1,"typeBlogCount":0,"typeId":2,"typeName":"Linux"},{"enable":1,"typeBlogCount":0,"typeId":3,"typeName":"Docker"},{"enable":1,"typeBlogCount":0,"typeId":4,"typeName":"Mysql"},{"enable":1,"typeBlogCount":0,"typeId":5,"typeName":"Vue"},{"enable":1,"typeBlogCount":0,"typeId":6,"typeName":"SpringBoot"}],"msg":"操作成功！"}
