2020-08-07 09:44:20.511 WARN  [http-nio-8080-exec-2]org.apache.catalina.util.SessionIdGeneratorBase.log:173 -Creation of SecureRandom instance for session ID generation using [SHA1PRNG] took [3,576] milliseconds.
2020-08-07 09:44:26.966 WARN  [http-nio-8080-exec-7]org.springframework.web.servlet.PageNotFound.noHandlerFound:1251 -No mapping for GET /comment/getByBlog/1290277842621411328
2020-08-07 09:58:12.632 WARN  [http-nio-8080-exec-4]org.springframework.web.servlet.PageNotFound.noHandlerFound:1251 -No mapping for GET /comment/getByBlog/1290276403400519680
2020-08-07 09:58:12.634 WARN  [http-nio-8080-exec-2]org.springframework.web.servlet.PageNotFound.noHandlerFound:1251 -No mapping for GET /blog/getGood/1290276403400519680
2020-08-07 09:58:12.634 WARN  [http-nio-8080-exec-6]org.springframework.web.servlet.PageNotFound.noHandlerFound:1251 -No mapping for GET /blog/getCollection/1290276403400519680
2020-08-07 10:32:00.354 WARN  [http-nio-8080-exec-9]com.alibaba.druid.pool.DruidDataSource.getConnectionDirect:1260 -get connection timeout retry : 1
2020-08-07 10:32:10.922 WARN  [http-nio-8080-exec-3]com.alibaba.druid.pool.DruidDataSource.getConnectionDirect:1260 -get connection timeout retry : 1
2020-08-07 10:40:59.622 WARN  [http-nio-8080-exec-4]com.alibaba.druid.pool.DruidDataSource.getConnectionDirect:1260 -get connection timeout retry : 1
2020-08-07 10:40:59.631 WARN  [http-nio-8080-exec-5]com.alibaba.druid.pool.DruidDataSource.getConnectionDirect:1260 -get connection timeout retry : 1
2020-08-07 10:41:00.597 WARN  [http-nio-8080-exec-3]com.alibaba.druid.pool.DruidDataSource.getConnectionDirect:1260 -get connection timeout retry : 1
2020-08-07 10:41:00.605 WARN  [http-nio-8080-exec-7]com.alibaba.druid.pool.DruidDataSource.getConnectionDirect:1260 -get connection timeout retry : 1
2020-08-07 10:41:09.487 WARN  [http-nio-8080-exec-8]com.alibaba.druid.pool.DruidDataSource.getConnectionDirect:1260 -get connection timeout retry : 1
2020-08-07 10:41:19.960 WARN  [http-nio-8080-exec-4]com.alibaba.druid.pool.DruidDataSource.getConnectionDirect:1260 -get connection timeout retry : 1
2020-08-07 10:41:20.694 WARN  [http-nio-8080-exec-7]com.alibaba.druid.pool.DruidDataSource.getConnectionDirect:1260 -get connection timeout retry : 1
2020-08-07 10:41:28.578 WARN  [http-nio-8080-exec-10]com.alibaba.druid.pool.DruidDataSource.getConnectionDirect:1260 -get connection timeout retry : 1
2020-08-07 10:42:06.193 WARN  [http-nio-8080-exec-5]com.alibaba.druid.pool.DruidDataSource.getConnectionDirect:1260 -get connection timeout retry : 1
2020-08-07 10:42:06.195 WARN  [http-nio-8080-exec-1]com.alibaba.druid.pool.DruidDataSource.getConnectionDirect:1260 -get connection timeout retry : 1
2020-08-07 10:42:06.211 WARN  [http-nio-8080-exec-2]com.alibaba.druid.pool.DruidDataSource.getConnectionDirect:1260 -get connection timeout retry : 1
2020-08-07 10:42:06.490 WARN  [http-nio-8080-exec-3]com.alibaba.druid.pool.DruidDataSource.getConnectionDirect:1260 -get connection timeout retry : 1
2020-08-07 10:42:06.543 WARN  [http-nio-8080-exec-6]com.alibaba.druid.pool.DruidDataSource.getConnectionDirect:1260 -get connection timeout retry : 1
2020-08-07 10:42:26.242 WARN  [http-nio-8080-exec-2]com.alibaba.druid.pool.DruidDataSource.getConnectionDirect:1260 -get connection timeout retry : 1
2020-08-07 10:42:26.557 WARN  [http-nio-8080-exec-3]com.alibaba.druid.pool.DruidDataSource.getConnectionDirect:1260 -get connection timeout retry : 1
2020-08-07 10:42:26.582 WARN  [http-nio-8080-exec-6]com.alibaba.druid.pool.DruidDataSource.getConnectionDirect:1260 -get connection timeout retry : 1
2020-08-07 10:42:42.233 WARN  [http-nio-8080-exec-9]com.alibaba.druid.pool.DruidDataSource.getConnectionDirect:1260 -get connection timeout retry : 1
2020-08-07 10:42:42.234 WARN  [http-nio-8080-exec-8]com.alibaba.druid.pool.DruidDataSource.getConnectionDirect:1260 -get connection timeout retry : 1
2020-08-07 10:42:42.236 WARN  [http-nio-8080-exec-7]com.alibaba.druid.pool.DruidDataSource.getConnectionDirect:1260 -get connection timeout retry : 1
2020-08-07 10:42:42.519 WARN  [http-nio-8080-exec-4]com.alibaba.druid.pool.DruidDataSource.getConnectionDirect:1260 -get connection timeout retry : 1
2020-08-07 10:42:42.519 WARN  [http-nio-8080-exec-10]com.alibaba.druid.pool.DruidDataSource.getConnectionDirect:1260 -get connection timeout retry : 1
2020-08-07 10:42:52.476 WARN  [http-nio-8080-exec-5]com.alibaba.druid.pool.DruidDataSource.getConnectionDirect:1260 -get connection timeout retry : 1
2020-08-07 10:43:02.248 WARN  [http-nio-8080-exec-7]com.alibaba.druid.pool.DruidDataSource.getConnectionDirect:1260 -get connection timeout retry : 1
2020-08-07 10:43:02.532 WARN  [http-nio-8080-exec-10]com.alibaba.druid.pool.DruidDataSource.getConnectionDirect:1260 -get connection timeout retry : 1
2020-08-07 10:43:02.532 WARN  [http-nio-8080-exec-4]com.alibaba.druid.pool.DruidDataSource.getConnectionDirect:1260 -get connection timeout retry : 1
2020-08-07 10:43:12.495 WARN  [http-nio-8080-exec-5]com.alibaba.druid.pool.DruidDataSource.getConnectionDirect:1260 -get connection timeout retry : 1
2020-08-07 10:43:12.648 WARN  [http-nio-8080-exec-1]com.alibaba.druid.pool.DruidDataSource.getConnectionDirect:1260 -get connection timeout retry : 1
2020-08-07 10:44:07.292 WARN  [http-nio-8080-exec-2]com.alibaba.druid.pool.DruidDataSource.getConnectionDirect:1260 -get connection timeout retry : 1
2020-08-07 10:44:07.314 WARN  [http-nio-8080-exec-3]com.alibaba.druid.pool.DruidDataSource.getConnectionDirect:1260 -get connection timeout retry : 1
2020-08-07 10:44:07.346 WARN  [http-nio-8080-exec-6]com.alibaba.druid.pool.DruidDataSource.getConnectionDirect:1260 -get connection timeout retry : 1
2020-08-07 10:44:07.580 WARN  [http-nio-8080-exec-8]com.alibaba.druid.pool.DruidDataSource.getConnectionDirect:1260 -get connection timeout retry : 1
2020-08-07 10:44:07.632 WARN  [http-nio-8080-exec-9]com.alibaba.druid.pool.DruidDataSource.getConnectionDirect:1260 -get connection timeout retry : 1
2020-08-07 10:44:27.319 WARN  [http-nio-8080-exec-3]com.alibaba.druid.pool.DruidDataSource.getConnectionDirect:1260 -get connection timeout retry : 1
2020-08-07 10:44:27.587 WARN  [http-nio-8080-exec-8]com.alibaba.druid.pool.DruidDataSource.getConnectionDirect:1260 -get connection timeout retry : 1
2020-08-07 10:44:27.640 WARN  [http-nio-8080-exec-9]com.alibaba.druid.pool.DruidDataSource.getConnectionDirect:1260 -get connection timeout retry : 1
2020-08-07 10:45:10.199 WARN  [http-nio-8080-exec-7]com.alibaba.druid.pool.DruidDataSource.getConnectionDirect:1260 -get connection timeout retry : 1
2020-08-07 10:45:10.199 WARN  [http-nio-8080-exec-10]com.alibaba.druid.pool.DruidDataSource.getConnectionDirect:1260 -get connection timeout retry : 1
2020-08-07 10:45:10.203 WARN  [http-nio-8080-exec-4]com.alibaba.druid.pool.DruidDataSource.getConnectionDirect:1260 -get connection timeout retry : 1
2020-08-07 10:45:10.464 WARN  [http-nio-8080-exec-1]com.alibaba.druid.pool.DruidDataSource.getConnectionDirect:1260 -get connection timeout retry : 1
2020-08-07 10:45:10.465 WARN  [http-nio-8080-exec-5]com.alibaba.druid.pool.DruidDataSource.getConnectionDirect:1260 -get connection timeout retry : 1
2020-08-07 10:45:30.215 WARN  [http-nio-8080-exec-4]com.alibaba.druid.pool.DruidDataSource.getConnectionDirect:1260 -get connection timeout retry : 1
2020-08-07 10:45:30.476 WARN  [http-nio-8080-exec-1]com.alibaba.druid.pool.DruidDataSource.getConnectionDirect:1260 -get connection timeout retry : 1
2020-08-07 10:45:30.503 WARN  [http-nio-8080-exec-5]com.alibaba.druid.pool.DruidDataSource.getConnectionDirect:1260 -get connection timeout retry : 1
2020-08-07 10:46:17.417 WARN  [http-nio-8080-exec-6]com.alibaba.druid.pool.DruidDataSource.getConnectionDirect:1260 -get connection timeout retry : 1
2020-08-07 10:46:17.442 WARN  [http-nio-8080-exec-2]com.alibaba.druid.pool.DruidDataSource.getConnectionDirect:1260 -get connection timeout retry : 1
2020-08-07 10:46:17.658 WARN  [http-nio-8080-exec-3]com.alibaba.druid.pool.DruidDataSource.getConnectionDirect:1260 -get connection timeout retry : 1
2020-08-07 10:46:17.677 WARN  [http-nio-8080-exec-9]com.alibaba.druid.pool.DruidDataSource.getConnectionDirect:1260 -get connection timeout retry : 1
2020-08-07 10:46:17.678 WARN  [http-nio-8080-exec-8]com.alibaba.druid.pool.DruidDataSource.getConnectionDirect:1260 -get connection timeout retry : 1
2020-08-07 10:46:24.417 WARN  [http-nio-8080-exec-10]com.alibaba.druid.pool.DruidDataSource.getConnectionDirect:1260 -get connection timeout retry : 1
2020-08-07 10:46:24.423 WARN  [http-nio-8080-exec-4]com.alibaba.druid.pool.DruidDataSource.getConnectionDirect:1260 -get connection timeout retry : 1
2020-08-07 10:46:24.446 WARN  [http-nio-8080-exec-7]com.alibaba.druid.pool.DruidDataSource.getConnectionDirect:1260 -get connection timeout retry : 1
2020-08-07 10:46:24.595 WARN  [http-nio-8080-exec-1]com.alibaba.druid.pool.DruidDataSource.getConnectionDirect:1260 -get connection timeout retry : 1
2020-08-07 10:46:24.746 WARN  [http-nio-8080-exec-5]com.alibaba.druid.pool.DruidDataSource.getConnectionDirect:1260 -get connection timeout retry : 1
2020-08-07 10:46:37.452 WARN  [http-nio-8080-exec-6]com.alibaba.druid.pool.DruidDataSource.getConnectionDirect:1260 -get connection timeout retry : 1
2020-08-07 10:46:37.712 WARN  [http-nio-8080-exec-8]com.alibaba.druid.pool.DruidDataSource.getConnectionDirect:1260 -get connection timeout retry : 1
2020-08-07 10:46:37.712 WARN  [http-nio-8080-exec-9]com.alibaba.druid.pool.DruidDataSource.getConnectionDirect:1260 -get connection timeout retry : 1
2020-08-07 10:46:44.513 WARN  [http-nio-8080-exec-4]com.alibaba.druid.pool.DruidDataSource.getConnectionDirect:1260 -get connection timeout retry : 1
2020-08-07 10:46:44.605 WARN  [http-nio-8080-exec-1]com.alibaba.druid.pool.DruidDataSource.getConnectionDirect:1260 -get connection timeout retry : 1
2020-08-07 10:46:44.788 WARN  [http-nio-8080-exec-5]com.alibaba.druid.pool.DruidDataSource.getConnectionDirect:1260 -get connection timeout retry : 1
2020-08-07 10:47:29.565 WARN  [http-nio-8080-exec-10]com.alibaba.druid.pool.DruidDataSource.getConnectionDirect:1260 -get connection timeout retry : 1
2020-08-07 10:47:29.566 WARN  [http-nio-8080-exec-2]com.alibaba.druid.pool.DruidDataSource.getConnectionDirect:1260 -get connection timeout retry : 1
2020-08-07 10:47:29.567 WARN  [http-nio-8080-exec-7]com.alibaba.druid.pool.DruidDataSource.getConnectionDirect:1260 -get connection timeout retry : 1
2020-08-07 10:47:29.569 WARN  [http-nio-8080-exec-3]com.alibaba.druid.pool.DruidDataSource.getConnectionDirect:1260 -get connection timeout retry : 1
2020-08-07 10:47:29.885 WARN  [http-nio-8080-exec-6]com.alibaba.druid.pool.DruidDataSource.getConnectionDirect:1260 -get connection timeout retry : 1
2020-08-07 10:47:47.579 WARN  [http-nio-8080-exec-4]com.alibaba.druid.pool.DruidDataSource.getConnectionDirect:1260 -get connection timeout retry : 1
2020-08-07 10:47:47.580 WARN  [http-nio-8080-exec-9]com.alibaba.druid.pool.DruidDataSource.getConnectionDirect:1260 -get connection timeout retry : 1
2020-08-07 10:47:47.632 WARN  [http-nio-8080-exec-8]com.alibaba.druid.pool.DruidDataSource.getConnectionDirect:1260 -get connection timeout retry : 1
2020-08-07 10:47:47.894 WARN  [http-nio-8080-exec-1]com.alibaba.druid.pool.DruidDataSource.getConnectionDirect:1260 -get connection timeout retry : 1
2020-08-07 10:47:47.925 WARN  [http-nio-8080-exec-5]com.alibaba.druid.pool.DruidDataSource.getConnectionDirect:1260 -get connection timeout retry : 1
2020-08-07 10:47:49.841 WARN  [http-nio-8080-exec-3]com.alibaba.druid.pool.DruidDataSource.getConnectionDirect:1260 -get connection timeout retry : 1
2020-08-07 10:47:49.939 WARN  [http-nio-8080-exec-7]com.alibaba.druid.pool.DruidDataSource.getConnectionDirect:1260 -get connection timeout retry : 1
2020-08-07 10:47:50.048 WARN  [http-nio-8080-exec-6]com.alibaba.druid.pool.DruidDataSource.getConnectionDirect:1260 -get connection timeout retry : 1
2020-08-07 10:48:07.551 WARN  [http-nio-8080-exec-10]com.alibaba.druid.pool.DruidDataSource.getConnectionDirect:1260 -get connection timeout retry : 1
2020-08-07 10:48:08.140 WARN  [http-nio-8080-exec-1]com.alibaba.druid.pool.DruidDataSource.getConnectionDirect:1260 -get connection timeout retry : 1
2020-08-07 10:48:08.308 WARN  [http-nio-8080-exec-13]com.alibaba.druid.pool.DruidDataSource.getConnectionDirect:1260 -get connection timeout retry : 1
2020-08-07 10:48:08.377 WARN  [http-nio-8080-exec-9]com.alibaba.druid.pool.DruidDataSource.getConnectionDirect:1260 -get connection timeout retry : 1
2020-08-07 10:48:08.393 WARN  [http-nio-8080-exec-5]com.alibaba.druid.pool.DruidDataSource.getConnectionDirect:1260 -get connection timeout retry : 1
2020-08-07 10:48:08.398 WARN  [http-nio-8080-exec-11]com.alibaba.druid.pool.DruidDataSource.getConnectionDirect:1260 -get connection timeout retry : 1
2020-08-07 10:48:08.398 WARN  [http-nio-8080-exec-12]com.alibaba.druid.pool.DruidDataSource.getConnectionDirect:1260 -get connection timeout retry : 1
2020-08-07 10:48:28.414 WARN  [http-nio-8080-exec-11]com.alibaba.druid.pool.DruidDataSource.getConnectionDirect:1260 -get connection timeout retry : 1
2020-08-07 10:48:28.424 WARN  [http-nio-8080-exec-12]com.alibaba.druid.pool.DruidDataSource.getConnectionDirect:1260 -get connection timeout retry : 1
2020-08-07 10:49:50.733 WARN  [http-nio-8080-exec-3]com.alibaba.druid.pool.DruidDataSource.getConnectionDirect:1260 -get connection timeout retry : 1
2020-08-07 10:49:50.734 WARN  [http-nio-8080-exec-7]com.alibaba.druid.pool.DruidDataSource.getConnectionDirect:1260 -get connection timeout retry : 1
2020-08-07 10:49:50.764 WARN  [http-nio-8080-exec-6]com.alibaba.druid.pool.DruidDataSource.getConnectionDirect:1260 -get connection timeout retry : 1
2020-08-07 10:49:51.035 WARN  [http-nio-8080-exec-1]com.alibaba.druid.pool.DruidDataSource.getConnectionDirect:1260 -get connection timeout retry : 1
2020-08-07 10:49:51.036 WARN  [http-nio-8080-exec-10]com.alibaba.druid.pool.DruidDataSource.getConnectionDirect:1260 -get connection timeout retry : 1
2020-08-07 10:50:08.372 WARN  [http-nio-8080-exec-13]com.alibaba.druid.pool.DruidDataSource.getConnectionDirect:1260 -get connection timeout retry : 1
2020-08-07 10:50:08.474 WARN  [http-nio-8080-exec-9]com.alibaba.druid.pool.DruidDataSource.getConnectionDirect:1260 -get connection timeout retry : 1
2020-08-07 10:50:08.734 WARN  [http-nio-8080-exec-5]com.alibaba.druid.pool.DruidDataSource.getConnectionDirect:1260 -get connection timeout retry : 1
2020-08-07 10:50:08.759 WARN  [http-nio-8080-exec-11]com.alibaba.druid.pool.DruidDataSource.getConnectionDirect:1260 -get connection timeout retry : 1
2020-08-07 10:50:08.758 WARN  [http-nio-8080-exec-12]com.alibaba.druid.pool.DruidDataSource.getConnectionDirect:1260 -get connection timeout retry : 1
2020-08-07 10:50:11.013 WARN  [http-nio-8080-exec-7]com.alibaba.druid.pool.DruidDataSource.getConnectionDirect:1260 -get connection timeout retry : 1
2020-08-07 10:50:11.243 WARN  [http-nio-8080-exec-1]com.alibaba.druid.pool.DruidDataSource.getConnectionDirect:1260 -get connection timeout retry : 1
2020-08-07 10:50:11.264 WARN  [http-nio-8080-exec-10]com.alibaba.druid.pool.DruidDataSource.getConnectionDirect:1260 -get connection timeout retry : 1
2020-08-07 10:50:16.662 WARN  [http-nio-8080-exec-3]com.alibaba.druid.pool.DruidDataSource.getConnectionDirect:1260 -get connection timeout retry : 1
2020-08-07 10:50:16.564 WARN  [http-nio-8080-exec-6]com.alibaba.druid.pool.DruidDataSource.getConnectionDirect:1260 -get connection timeout retry : 1
2020-08-07 10:50:16.726 WARN  [http-nio-8080-exec-15]com.alibaba.druid.pool.DruidDataSource.getConnectionDirect:1260 -get connection timeout retry : 1
2020-08-07 10:50:16.745 WARN  [http-nio-8080-exec-14]com.alibaba.druid.pool.DruidDataSource.getConnectionDirect:1260 -get connection timeout retry : 1
2020-08-07 10:50:16.761 WARN  [http-nio-8080-exec-16]com.alibaba.druid.pool.DruidDataSource.getConnectionDirect:1260 -get connection timeout retry : 1
2020-08-07 10:50:28.482 WARN  [http-nio-8080-exec-9]com.alibaba.druid.pool.DruidDataSource.getConnectionDirect:1260 -get connection timeout retry : 1
2020-08-07 10:50:28.793 WARN  [http-nio-8080-exec-12]com.alibaba.druid.pool.DruidDataSource.getConnectionDirect:1260 -get connection timeout retry : 1
2020-08-07 10:50:28.824 WARN  [http-nio-8080-exec-11]com.alibaba.druid.pool.DruidDataSource.getConnectionDirect:1260 -get connection timeout retry : 1
2020-08-07 10:50:36.677 WARN  [http-nio-8080-exec-3]com.alibaba.druid.pool.DruidDataSource.getConnectionDirect:1260 -get connection timeout retry : 1
2020-08-07 10:50:36.736 WARN  [http-nio-8080-exec-15]com.alibaba.druid.pool.DruidDataSource.getConnectionDirect:1260 -get connection timeout retry : 1
2020-08-07 10:50:36.778 WARN  [http-nio-8080-exec-16]com.alibaba.druid.pool.DruidDataSource.getConnectionDirect:1260 -get connection timeout retry : 1
2020-08-07 10:56:35.103 WARN  [http-nio-8080-exec-1]org.apache.catalina.util.SessionIdGeneratorBase.log:173 -Creation of SecureRandom instance for session ID generation using [SHA1PRNG] took [3,201] milliseconds.
2020-08-07 10:56:41.050 WARN  [http-nio-8080-exec-8]org.springframework.web.servlet.PageNotFound.noHandlerFound:1251 -No mapping for GET /comment/getByBlog/1290276403400519680
2020-08-07 18:19:11.341 WARN  [http-nio-8080-exec-10]org.springframework.web.servlet.PageNotFound.noHandlerFound:1251 -No mapping for GET /comment/getByBlog/1290277842621411328
2020-08-07 18:36:05.738 WARN  [http-nio-8080-exec-2]org.apache.catalina.util.SessionIdGeneratorBase.log:173 -Creation of SecureRandom instance for session ID generation using [SHA1PRNG] took [3,618] milliseconds.
2020-08-07 18:36:39.997 WARN  [http-nio-8080-exec-10]org.springframework.web.servlet.PageNotFound.noHandlerFound:1251 -No mapping for GET /comment/getByBlog/1290276403400519680
2020-08-07 18:38:06.551 WARN  [http-nio-8080-exec-1]org.apache.catalina.util.SessionIdGeneratorBase.log:173 -Creation of SecureRandom instance for session ID generation using [SHA1PRNG] took [3,292] milliseconds.
2020-08-07 18:38:34.980 WARN  [http-nio-8080-exec-9]org.springframework.web.servlet.PageNotFound.noHandlerFound:1251 -No mapping for GET /comment/getByBlog/1290276403400519680
2020-08-07 18:40:16.863 WARN  [http-nio-8080-exec-8]org.springframework.web.servlet.PageNotFound.noHandlerFound:1251 -No mapping for GET /comment/getByBlog/1290276403400519680
2020-08-07 18:42:57.091 WARN  [http-nio-8080-exec-5]org.springframework.web.servlet.PageNotFound.noHandlerFound:1251 -No mapping for GET /comment/getByBlog/1290276403400519680
2020-08-07 18:43:02.656 WARN  [http-nio-8080-exec-8]org.springframework.web.servlet.PageNotFound.noHandlerFound:1251 -No mapping for GET /comment/getByBlog/1290276403400519680
2020-08-07 18:45:03.239 WARN  [http-nio-8080-exec-4]org.springframework.web.servlet.PageNotFound.noHandlerFound:1251 -No mapping for GET /comment/getByBlog/1290276403400519680
2020-08-07 18:45:26.283 WARN  [http-nio-8080-exec-2]org.springframework.web.servlet.PageNotFound.noHandlerFound:1251 -No mapping for GET /comment/getByBlog/1290276403400519680
2020-08-07 18:53:39.469 WARN  [http-nio-8080-exec-4]org.apache.catalina.util.SessionIdGeneratorBase.log:173 -Creation of SecureRandom instance for session ID generation using [SHA1PRNG] took [3,696] milliseconds.
2020-08-07 18:54:24.739 WARN  [http-nio-8080-exec-10]org.springframework.web.servlet.PageNotFound.noHandlerFound:1251 -No mapping for GET /comment/getByBlog/1290277842621411328
2020-08-07 18:55:44.704 WARN  [http-nio-8080-exec-2]org.apache.catalina.util.SessionIdGeneratorBase.log:173 -Creation of SecureRandom instance for session ID generation using [SHA1PRNG] took [3,514] milliseconds.
2020-08-07 18:55:45.354 WARN  [http-nio-8080-exec-7]org.springframework.web.servlet.PageNotFound.noHandlerFound:1251 -No mapping for GET /comment/getByBlog/1290277842621411328
2020-08-07 18:56:37.165 WARN  [http-nio-8080-exec-9]org.springframework.web.servlet.PageNotFound.noHandlerFound:1251 -No mapping for GET /blog/getGood/1290276403400519680
2020-08-07 18:56:37.169 WARN  [http-nio-8080-exec-7]org.springframework.web.servlet.PageNotFound.noHandlerFound:1251 -No mapping for GET /comment/getByBlog/1290276403400519680
2020-08-07 18:56:37.170 WARN  [http-nio-8080-exec-8]org.springframework.web.servlet.PageNotFound.noHandlerFound:1251 -No mapping for GET /blog/getCollection/1290276403400519680
2020-08-07 18:56:49.671 WARN  [http-nio-8080-exec-2]org.springframework.web.servlet.PageNotFound.noHandlerFound:1251 -No mapping for GET /blog/getGood/1290276403400519680
2020-08-07 18:56:49.672 WARN  [http-nio-8080-exec-1]org.springframework.web.servlet.PageNotFound.noHandlerFound:1251 -No mapping for GET /blog/getCollection/1290276403400519680
2020-08-07 18:56:49.683 WARN  [http-nio-8080-exec-4]org.springframework.web.servlet.PageNotFound.noHandlerFound:1251 -No mapping for GET /comment/getByBlog/1290276403400519680
2020-08-07 18:57:13.953 WARN  [http-nio-8080-exec-9]org.springframework.web.servlet.PageNotFound.noHandlerFound:1251 -No mapping for GET /comment/getByBlog/1290276403400519680
2020-08-07 18:57:13.970 WARN  [http-nio-8080-exec-8]org.springframework.web.servlet.PageNotFound.noHandlerFound:1251 -No mapping for GET /blog/getGood/1290276403400519680
2020-08-07 18:57:13.977 WARN  [http-nio-8080-exec-6]org.springframework.web.servlet.PageNotFound.noHandlerFound:1251 -No mapping for GET /blog/getCollection/1290276403400519680
2020-08-07 18:59:11.573 WARN  [http-nio-8080-exec-2]org.apache.catalina.util.SessionIdGeneratorBase.log:173 -Creation of SecureRandom instance for session ID generation using [SHA1PRNG] took [3,465] milliseconds.
2020-08-07 18:59:28.535 WARN  [http-nio-8080-exec-7]org.springframework.web.servlet.PageNotFound.noHandlerFound:1251 -No mapping for GET /comment/getByBlog/1290275213300314112
2020-08-07 19:01:06.766 WARN  [http-nio-8080-exec-1]org.apache.catalina.util.SessionIdGeneratorBase.log:173 -Creation of SecureRandom instance for session ID generation using [SHA1PRNG] took [2,431] milliseconds.
2020-08-07 19:01:07.666 WARN  [http-nio-8080-exec-7]org.springframework.web.servlet.PageNotFound.noHandlerFound:1251 -No mapping for GET /comment/getByBlog/1290276403400519680
2020-08-07 19:01:49.053 WARN  [http-nio-8080-exec-6]org.springframework.web.servlet.PageNotFound.noHandlerFound:1251 -No mapping for GET /comment/getByBlog/1290276403400519680
2020-08-07 19:02:17.879 WARN  [http-nio-8080-exec-3]org.springframework.web.servlet.PageNotFound.noHandlerFound:1251 -No mapping for GET /comment/getByBlog/1290275213300314112
2020-08-07 19:04:03.144 WARN  [http-nio-8080-exec-2]org.springframework.web.servlet.PageNotFound.noHandlerFound:1251 -No mapping for GET /comment/getByBlog/1290275213300314112
2020-08-07 19:04:42.079 WARN  [http-nio-8080-exec-1]org.springframework.web.servlet.PageNotFound.noHandlerFound:1251 -No mapping for GET /comment/getByBlog/1290276403400519680
2020-08-07 19:10:55.340 WARN  [http-nio-8080-exec-4]org.apache.catalina.util.SessionIdGeneratorBase.log:173 -Creation of SecureRandom instance for session ID generation using [SHA1PRNG] took [3,445] milliseconds.
2020-08-07 19:11:01.904 WARN  [http-nio-8080-exec-8]org.springframework.web.servlet.PageNotFound.noHandlerFound:1251 -No mapping for GET /comment/getByBlog/1290276403400519680
2020-08-07 19:44:32.909 WARN  [http-nio-8080-exec-2]org.apache.catalina.util.SessionIdGeneratorBase.log:173 -Creation of SecureRandom instance for session ID generation using [SHA1PRNG] took [1,522] milliseconds.
2020-08-07 19:45:40.777 WARN  [http-nio-8080-exec-4]org.springframework.web.servlet.PageNotFound.noHandlerFound:1251 -No mapping for GET /comment/getByBlog/1290276403400519680
2020-08-07 19:46:20.438 WARN  [http-nio-8080-exec-3]org.springframework.web.servlet.PageNotFound.noHandlerFound:1251 -No mapping for GET /comment/getByBlog/1290277842621411328
2020-08-07 19:48:38.897 WARN  [http-nio-8080-exec-1]org.springframework.web.servlet.PageNotFound.noHandlerFound:1251 -No mapping for GET /comment/getByBlog/1290276403400519680
2020-08-07 21:33:19.421 WARN  [http-nio-8080-exec-1]org.springframework.web.servlet.PageNotFound.noHandlerFound:1251 -No mapping for GET /comment/getByBlog/1290276403400519680
2020-08-07 21:40:44.637 WARN  [http-nio-8080-exec-3]org.springframework.web.servlet.PageNotFound.noHandlerFound:1251 -No mapping for GET /blog/getCollection/1290276403400519680
2020-08-07 21:40:44.637 WARN  [http-nio-8080-exec-4]org.springframework.web.servlet.PageNotFound.noHandlerFound:1251 -No mapping for GET /blog/getGood/1290276403400519680
2020-08-07 21:40:44.637 WARN  [http-nio-8080-exec-8]org.springframework.web.servlet.PageNotFound.noHandlerFound:1251 -No mapping for GET /comment/getByBlog/1290276403400519680
2020-08-07 21:40:57.275 WARN  [http-nio-8080-exec-10]org.springframework.web.servlet.PageNotFound.noHandlerFound:1251 -No mapping for GET /blog/getGood/1290275213300314112
2020-08-07 21:40:57.276 WARN  [http-nio-8080-exec-6]org.springframework.web.servlet.PageNotFound.noHandlerFound:1251 -No mapping for GET /comment/getByBlog/1290275213300314112
2020-08-07 21:40:57.281 WARN  [http-nio-8080-exec-9]org.springframework.web.servlet.PageNotFound.noHandlerFound:1251 -No mapping for GET /blog/getCollection/1290275213300314112
2020-08-07 21:45:38.503 WARN  [http-nio-8080-exec-4]org.springframework.web.servlet.PageNotFound.noHandlerFound:1251 -No mapping for GET /blog/getGood/1290275213300314112
2020-08-07 21:45:38.485 WARN  [http-nio-8080-exec-3]org.springframework.web.servlet.PageNotFound.noHandlerFound:1251 -No mapping for GET /comment/getByBlog/1290275213300314112
2020-08-07 21:45:38.495 WARN  [http-nio-8080-exec-8]org.springframework.web.servlet.PageNotFound.noHandlerFound:1251 -No mapping for GET /blog/getCollection/1290275213300314112
2020-08-07 21:49:19.371 WARN  [http-nio-8080-exec-9]org.springframework.web.servlet.PageNotFound.noHandlerFound:1251 -No mapping for GET /blog/getCollection/1290275213300314112
2020-08-07 21:49:19.372 WARN  [http-nio-8080-exec-7]org.springframework.web.servlet.PageNotFound.noHandlerFound:1251 -No mapping for GET /blog/getGood/1290275213300314112
2020-08-07 21:49:19.371 WARN  [http-nio-8080-exec-6]org.springframework.web.servlet.PageNotFound.noHandlerFound:1251 -No mapping for GET /comment/getByBlog/1290275213300314112
2020-08-07 21:50:12.977 WARN  [http-nio-8080-exec-10]org.springframework.web.servlet.PageNotFound.noHandlerFound:1251 -No mapping for GET /comment/getByBlog/1290275213300314112
2020-08-07 21:50:12.978 WARN  [http-nio-8080-exec-8]org.springframework.web.servlet.PageNotFound.noHandlerFound:1251 -No mapping for GET /blog/getGood/1290275213300314112
2020-08-07 21:50:13.235 WARN  [http-nio-8080-exec-3]org.springframework.web.servlet.PageNotFound.noHandlerFound:1251 -No mapping for GET /blog/getCollection/1290275213300314112
2020-08-07 21:51:53.721 WARN  [http-nio-8080-exec-10]org.springframework.web.servlet.PageNotFound.noHandlerFound:1251 -No mapping for GET /blog/getGood/1290275213300314112
2020-08-07 21:51:53.721 WARN  [http-nio-8080-exec-1]org.springframework.web.servlet.PageNotFound.noHandlerFound:1251 -No mapping for GET /comment/getByBlog/1290275213300314112
2020-08-07 21:51:53.975 WARN  [http-nio-8080-exec-8]org.springframework.web.servlet.PageNotFound.noHandlerFound:1251 -No mapping for GET /blog/getCollection/1290275213300314112
2020-08-07 21:52:32.970 WARN  [http-nio-8080-exec-7]org.springframework.web.servlet.PageNotFound.noHandlerFound:1251 -No mapping for GET /comment/getByBlog/1290275213300314112
2020-08-07 21:52:32.983 WARN  [http-nio-8080-exec-10]org.springframework.web.servlet.PageNotFound.noHandlerFound:1251 -No mapping for GET /blog/getGood/1290275213300314112
2020-08-07 21:52:33.222 WARN  [http-nio-8080-exec-1]org.springframework.web.servlet.PageNotFound.noHandlerFound:1251 -No mapping for GET /blog/getCollection/1290275213300314112
2020-08-07 21:55:31.262 WARN  [http-nio-8080-exec-2]org.springframework.web.servlet.PageNotFound.noHandlerFound:1251 -No mapping for GET /comment/getByBlog/1290275213300314112
2020-08-07 21:55:31.262 WARN  [http-nio-8080-exec-7]org.springframework.web.servlet.PageNotFound.noHandlerFound:1251 -No mapping for GET /blog/getGood/1290275213300314112
2020-08-07 21:55:31.456 WARN  [http-nio-8080-exec-6]org.springframework.web.servlet.PageNotFound.noHandlerFound:1251 -No mapping for GET /blog/getCollection/1290275213300314112
2020-08-07 22:04:48.939 WARN  [http-nio-8080-exec-6]org.springframework.web.servlet.PageNotFound.noHandlerFound:1251 -No mapping for GET /blog/getCollection/1290275213300314112
2020-08-07 22:04:48.939 WARN  [http-nio-8080-exec-4]org.springframework.web.servlet.PageNotFound.noHandlerFound:1251 -No mapping for GET /blog/getGood/1290275213300314112
2020-08-07 22:04:48.939 WARN  [http-nio-8080-exec-3]org.springframework.web.servlet.PageNotFound.noHandlerFound:1251 -No mapping for GET /comment/getByBlog/1290275213300314112
2020-08-07 22:05:36.496 WARN  [http-nio-8080-exec-6]org.springframework.web.servlet.PageNotFound.noHandlerFound:1251 -No mapping for GET /comment/getByBlog/1290277842621411328
2020-08-07 22:05:36.498 WARN  [http-nio-8080-exec-4]org.springframework.web.servlet.PageNotFound.noHandlerFound:1251 -No mapping for GET /blog/getGood/1290277842621411328
2020-08-07 22:05:36.498 WARN  [http-nio-8080-exec-3]org.springframework.web.servlet.PageNotFound.noHandlerFound:1251 -No mapping for GET /blog/getCollection/1290277842621411328
2020-08-07 22:07:05.593 WARN  [http-nio-8080-exec-10]org.springframework.web.servlet.PageNotFound.noHandlerFound:1251 -No mapping for GET /comment/getByBlog/1290277842621411328
2020-08-07 22:07:05.594 WARN  [http-nio-8080-exec-2]org.springframework.web.servlet.PageNotFound.noHandlerFound:1251 -No mapping for GET /blog/getGood/1290277842621411328
2020-08-07 22:07:05.845 WARN  [http-nio-8080-exec-7]org.springframework.web.servlet.PageNotFound.noHandlerFound:1251 -No mapping for GET /blog/getCollection/1290277842621411328
2020-08-07 22:07:20.711 WARN  [http-nio-8080-exec-9]org.springframework.web.servlet.PageNotFound.noHandlerFound:1251 -No mapping for GET /comment/getByBlog/1290277842621411328
2020-08-07 22:07:20.719 WARN  [http-nio-8080-exec-2]org.springframework.web.servlet.PageNotFound.noHandlerFound:1251 -No mapping for GET /blog/getGood/1290277842621411328
2020-08-07 22:07:21.022 WARN  [http-nio-8080-exec-10]org.springframework.web.servlet.PageNotFound.noHandlerFound:1251 -No mapping for GET /blog/getCollection/1290277842621411328
2020-08-07 22:08:01.622 WARN  [http-nio-8080-exec-6]org.springframework.web.servlet.PageNotFound.noHandlerFound:1251 -No mapping for GET /comment/getByBlog/1290277842621411328
2020-08-07 22:08:01.629 WARN  [http-nio-8080-exec-2]org.springframework.web.servlet.PageNotFound.noHandlerFound:1251 -No mapping for GET /blog/getGood/1290277842621411328
2020-08-07 22:08:01.848 WARN  [http-nio-8080-exec-9]org.springframework.web.servlet.PageNotFound.noHandlerFound:1251 -No mapping for GET /blog/getCollection/1290277842621411328
2020-08-07 22:08:40.031 WARN  [http-nio-8080-exec-6]org.springframework.web.servlet.PageNotFound.noHandlerFound:1251 -No mapping for GET /blog/getGood/1290277842621411328
2020-08-07 22:08:40.031 WARN  [http-nio-8080-exec-2]org.springframework.web.servlet.PageNotFound.noHandlerFound:1251 -No mapping for GET /blog/getCollection/1290277842621411328
2020-08-07 22:08:40.031 WARN  [http-nio-8080-exec-5]org.springframework.web.servlet.PageNotFound.noHandlerFound:1251 -No mapping for GET /comment/getByBlog/1290277842621411328
2020-08-07 22:09:34.848 WARN  [http-nio-8080-exec-8]org.springframework.web.servlet.PageNotFound.noHandlerFound:1251 -No mapping for GET /user/commentAndCollectionCount
2020-08-07 22:13:22.123 WARN  [http-nio-8080-exec-2]org.springframework.web.servlet.PageNotFound.noHandlerFound:1251 -No mapping for GET /user/commentAndCollectionCount
2020-08-07 22:14:44.894 WARN  [http-nio-8080-exec-9]org.springframework.web.servlet.PageNotFound.noHandlerFound:1251 -No mapping for GET /user/commentAndCollectionCount
2020-08-07 22:15:22.655 WARN  [http-nio-8080-exec-2]org.springframework.web.servlet.PageNotFound.noHandlerFound:1251 -No mapping for GET /user/commentAndCollectionCount
2020-08-07 22:16:29.392 WARN  [http-nio-8080-exec-9]org.springframework.web.servlet.PageNotFound.noHandlerFound:1251 -No mapping for GET /user/commentAndCollectionCount
2020-08-07 22:16:58.366 WARN  [http-nio-8080-exec-6]org.springframework.web.servlet.PageNotFound.noHandlerFound:1251 -No mapping for GET /blog/getGood/1290275213300314112
2020-08-07 22:16:58.370 WARN  [http-nio-8080-exec-5]org.springframework.web.servlet.PageNotFound.noHandlerFound:1251 -No mapping for GET /comment/getByBlog/1290275213300314112
2020-08-07 22:16:58.390 WARN  [http-nio-8080-exec-4]org.springframework.web.servlet.PageNotFound.noHandlerFound:1251 -No mapping for GET /blog/getCollection/1290275213300314112
2020-08-07 22:17:56.960 WARN  [http-nio-8080-exec-9]org.springframework.web.servlet.PageNotFound.noHandlerFound:1251 -No mapping for GET /user/commentAndCollectionCount
2020-08-07 22:20:41.979 WARN  [http-nio-8080-exec-8]org.springframework.web.servlet.PageNotFound.noHandlerFound:1251 -No mapping for GET /comment/getByBlog/1290277842621411328
2020-08-07 22:20:41.979 WARN  [http-nio-8080-exec-7]org.springframework.web.servlet.PageNotFound.noHandlerFound:1251 -No mapping for GET /blog/getGood/1290277842621411328
2020-08-07 22:20:41.979 WARN  [http-nio-8080-exec-2]org.springframework.web.servlet.PageNotFound.noHandlerFound:1251 -No mapping for GET /blog/getCollection/1290277842621411328
2020-08-07 22:21:00.441 WARN  [http-nio-8080-exec-6]org.springframework.web.servlet.PageNotFound.noHandlerFound:1251 -No mapping for GET /comment/getByBlog/1290277842621411328
2020-08-07 22:21:00.445 WARN  [http-nio-8080-exec-5]org.springframework.web.servlet.PageNotFound.noHandlerFound:1251 -No mapping for GET /blog/getGood/1290277842621411328
2020-08-07 22:21:00.466 WARN  [http-nio-8080-exec-1]org.springframework.web.servlet.PageNotFound.noHandlerFound:1251 -No mapping for GET /blog/getCollection/1290277842621411328
2020-08-07 22:21:11.014 WARN  [http-nio-8080-exec-7]org.springframework.web.servlet.PageNotFound.noHandlerFound:1251 -No mapping for GET /user/commentAndCollectionCount
2020-08-07 22:21:29.889 WARN  [http-nio-8080-exec-3]org.springframework.web.servlet.PageNotFound.noHandlerFound:1251 -No mapping for GET /user/commentAndCollectionCount
2020-08-07 22:21:55.185 WARN  [http-nio-8080-exec-9]org.springframework.web.servlet.PageNotFound.noHandlerFound:1251 -No mapping for GET /blog/getGood/1290275213300314112
2020-08-07 22:21:55.188 WARN  [http-nio-8080-exec-8]org.springframework.web.servlet.PageNotFound.noHandlerFound:1251 -No mapping for GET /comment/getByBlog/1290275213300314112
2020-08-07 22:21:55.188 WARN  [http-nio-8080-exec-7]org.springframework.web.servlet.PageNotFound.noHandlerFound:1251 -No mapping for GET /blog/getCollection/1290275213300314112
2020-08-07 22:22:17.488 WARN  [http-nio-8080-exec-5]org.springframework.web.servlet.PageNotFound.noHandlerFound:1251 -No mapping for GET /comment/getByBlog/1290275213300314112
2020-08-07 22:22:17.496 WARN  [http-nio-8080-exec-6]org.springframework.web.servlet.PageNotFound.noHandlerFound:1251 -No mapping for GET /blog/getGood/1290275213300314112
2020-08-07 22:22:17.809 WARN  [http-nio-8080-exec-10]org.springframework.web.servlet.PageNotFound.noHandlerFound:1251 -No mapping for GET /blog/getCollection/1290275213300314112
2020-08-07 22:23:00.096 WARN  [http-nio-8080-exec-2]org.springframework.web.servlet.PageNotFound.noHandlerFound:1251 -No mapping for GET /comment/getByBlog/1290275213300314112
2020-08-07 22:23:00.103 WARN  [http-nio-8080-exec-5]org.springframework.web.servlet.PageNotFound.noHandlerFound:1251 -No mapping for GET /blog/getGood/1290275213300314112
2020-08-07 22:23:00.334 WARN  [http-nio-8080-exec-3]org.springframework.web.servlet.PageNotFound.noHandlerFound:1251 -No mapping for GET /blog/getCollection/1290275213300314112
2020-08-07 22:25:57.052 WARN  [http-nio-8080-exec-1]org.springframework.web.servlet.PageNotFound.noHandlerFound:1251 -No mapping for GET /blog/getGood/1290275213300314112
2020-08-07 22:25:57.052 WARN  [http-nio-8080-exec-2]org.springframework.web.servlet.PageNotFound.noHandlerFound:1251 -No mapping for GET /comment/getByBlog/1290275213300314112
2020-08-07 22:25:57.254 WARN  [http-nio-8080-exec-5]org.springframework.web.servlet.PageNotFound.noHandlerFound:1251 -No mapping for GET /blog/getCollection/1290275213300314112
2020-08-07 22:33:41.736 WARN  [http-nio-8080-exec-9]org.springframework.web.servlet.PageNotFound.noHandlerFound:1251 -No mapping for GET /comment/getByBlog/1290275213300314112
2020-08-07 22:33:41.806 WARN  [http-nio-8080-exec-2]org.springframework.web.servlet.PageNotFound.noHandlerFound:1251 -No mapping for GET /blog/getCollection/1290275213300314112
2020-08-07 22:33:41.809 WARN  [http-nio-8080-exec-1]org.springframework.web.servlet.PageNotFound.noHandlerFound:1251 -No mapping for GET /blog/getGood/1290275213300314112
2020-08-07 22:33:54.623 WARN  [http-nio-8080-exec-2]org.springframework.web.servlet.PageNotFound.noHandlerFound:1251 -No mapping for GET /blog/getGood/1290275213300314112
2020-08-07 22:33:54.628 WARN  [http-nio-8080-exec-9]org.springframework.web.servlet.PageNotFound.noHandlerFound:1251 -No mapping for GET /blog/getCollection/1290275213300314112
2020-08-07 22:33:54.641 WARN  [http-nio-8080-exec-8]org.springframework.web.servlet.PageNotFound.noHandlerFound:1251 -No mapping for GET /comment/getByBlog/1290275213300314112
2020-08-07 22:34:38.503 WARN  [http-nio-8080-exec-3]org.springframework.web.servlet.PageNotFound.noHandlerFound:1251 -No mapping for GET /comment/getByBlog/1290275213300314112
2020-08-07 22:34:38.568 WARN  [http-nio-8080-exec-2]org.springframework.web.servlet.PageNotFound.noHandlerFound:1251 -No mapping for GET /blog/getGood/1290275213300314112
2020-08-07 22:34:38.899 WARN  [http-nio-8080-exec-8]org.springframework.web.servlet.PageNotFound.noHandlerFound:1251 -No mapping for GET /blog/getCollection/1290275213300314112
2020-08-07 22:35:06.426 WARN  [http-nio-8080-exec-5]org.springframework.web.servlet.PageNotFound.noHandlerFound:1251 -No mapping for GET /comment/getByBlog/1290275213300314112
2020-08-07 22:35:06.649 WARN  [http-nio-8080-exec-3]org.springframework.web.servlet.PageNotFound.noHandlerFound:1251 -No mapping for GET /blog/getGood/1290275213300314112
2020-08-07 22:35:06.653 WARN  [http-nio-8080-exec-2]org.springframework.web.servlet.PageNotFound.noHandlerFound:1251 -No mapping for GET /blog/getCollection/1290275213300314112
2020-08-07 22:37:34.630 WARN  [http-nio-8080-exec-6]org.springframework.web.servlet.PageNotFound.noHandlerFound:1251 -No mapping for GET /comment/getByBlog/1290275213300314112
2020-08-07 22:37:34.943 WARN  [http-nio-8080-exec-5]org.springframework.web.servlet.PageNotFound.noHandlerFound:1251 -No mapping for GET /blog/getGood/1290275213300314112
2020-08-07 22:37:34.949 WARN  [http-nio-8080-exec-5]org.springframework.web.servlet.PageNotFound.noHandlerFound:1251 -No mapping for GET /blog/getCollection/1290275213300314112
2020-08-07 22:37:42.792 WARN  [http-nio-8080-exec-6]org.springframework.web.servlet.PageNotFound.noHandlerFound:1251 -No mapping for GET /comment/getByBlog/1290275213300314112
2020-08-07 22:37:42.801 WARN  [http-nio-8080-exec-9]org.springframework.web.servlet.PageNotFound.noHandlerFound:1251 -No mapping for GET /blog/getGood/1290275213300314112
2020-08-07 22:37:42.827 WARN  [http-nio-8080-exec-1]org.springframework.web.servlet.PageNotFound.noHandlerFound:1251 -No mapping for GET /blog/getCollection/1290275213300314112
2020-08-07 22:39:27.228 WARN  [http-nio-8080-exec-10]org.springframework.web.servlet.PageNotFound.noHandlerFound:1251 -No mapping for GET /user/commentAndCollectionCount
2020-08-07 22:39:38.359 WARN  [http-nio-8080-exec-4]org.springframework.web.servlet.PageNotFound.noHandlerFound:1251 -No mapping for GET /blog/getGood/1290275213300314112
2020-08-07 22:39:38.359 WARN  [http-nio-8080-exec-7]org.springframework.web.servlet.PageNotFound.noHandlerFound:1251 -No mapping for GET /comment/getByBlog/1290275213300314112
2020-08-07 22:39:38.385 WARN  [http-nio-8080-exec-6]org.springframework.web.servlet.PageNotFound.noHandlerFound:1251 -No mapping for GET /blog/getCollection/1290275213300314112
2020-08-07 22:42:03.072 WARN  [http-nio-8080-exec-8]org.springframework.web.servlet.PageNotFound.noHandlerFound:1251 -No mapping for GET /comment/getByBlog/1290275213300314112
2020-08-07 22:42:03.075 WARN  [http-nio-8080-exec-1]org.springframework.web.servlet.PageNotFound.noHandlerFound:1251 -No mapping for GET /blog/getGood/1290275213300314112
2020-08-07 22:42:03.298 WARN  [http-nio-8080-exec-2]org.springframework.web.servlet.PageNotFound.noHandlerFound:1251 -No mapping for GET /blog/getCollection/1290275213300314112
2020-08-07 22:42:19.967 WARN  [http-nio-8080-exec-6]org.springframework.web.servlet.PageNotFound.noHandlerFound:1251 -No mapping for GET /user/commentAndCollectionCount
2020-08-07 22:42:45.383 WARN  [http-nio-8080-exec-5]org.springframework.web.servlet.PageNotFound.noHandlerFound:1251 -No mapping for GET /user/commentAndCollectionCount
2020-08-07 22:47:42.130 WARN  [http-nio-8080-exec-3]org.springframework.web.servlet.PageNotFound.noHandlerFound:1251 -No mapping for GET /user/commentAndCollectionCount
2020-08-07 23:05:31.981 WARN  [http-nio-8080-exec-9]org.springframework.web.servlet.PageNotFound.noHandlerFound:1251 -No mapping for GET /comment/getByBlog/1290277842621411328
2020-08-07 23:05:31.981 WARN  [http-nio-8080-exec-1]org.springframework.web.servlet.PageNotFound.noHandlerFound:1251 -No mapping for GET /blog/getGood/1290277842621411328
2020-08-07 23:05:31.981 WARN  [http-nio-8080-exec-5]org.springframework.web.servlet.PageNotFound.noHandlerFound:1251 -No mapping for GET /blog/getCollection/1290277842621411328
2020-08-07 23:06:26.280 WARN  [http-nio-8080-exec-6]org.springframework.web.servlet.PageNotFound.noHandlerFound:1251 -No mapping for GET /comment/getByBlog/1290277842621411328
2020-08-07 23:06:26.515 WARN  [http-nio-8080-exec-7]org.springframework.web.servlet.PageNotFound.noHandlerFound:1251 -No mapping for GET /blog/getGood/1290277842621411328
2020-08-07 23:06:26.613 WARN  [http-nio-8080-exec-8]org.springframework.web.servlet.PageNotFound.noHandlerFound:1251 -No mapping for GET /blog/getCollection/1290277842621411328
2020-08-07 23:07:07.687 WARN  [http-nio-8080-exec-6]org.springframework.web.servlet.PageNotFound.noHandlerFound:1251 -No mapping for GET /blog/getGood/1290277842621411328
2020-08-07 23:07:07.688 WARN  [http-nio-8080-exec-3]org.springframework.web.servlet.PageNotFound.noHandlerFound:1251 -No mapping for GET /blog/getCollection/1290277842621411328
2020-08-07 23:07:07.922 WARN  [http-nio-8080-exec-2]org.springframework.web.servlet.PageNotFound.noHandlerFound:1251 -No mapping for GET /comment/getByBlog/1290277842621411328
2020-08-07 23:07:29.633 WARN  [http-nio-8080-exec-3]org.springframework.web.servlet.PageNotFound.noHandlerFound:1251 -No mapping for GET /blog/getGood/1290277842621411328
2020-08-07 23:07:29.634 WARN  [http-nio-8080-exec-6]org.springframework.web.servlet.PageNotFound.noHandlerFound:1251 -No mapping for GET /blog/getCollection/1290277842621411328
2020-08-07 23:07:29.635 WARN  [http-nio-8080-exec-2]org.springframework.web.servlet.PageNotFound.noHandlerFound:1251 -No mapping for GET /comment/getByBlog/1290277842621411328
2020-08-07 23:17:04.767 WARN  [http-nio-8080-exec-3]org.springframework.web.servlet.PageNotFound.noHandlerFound:1251 -No mapping for GET /blog/getCollection/1290277842621411328
2020-08-07 23:17:04.767 WARN  [http-nio-8080-exec-1]org.springframework.web.servlet.PageNotFound.noHandlerFound:1251 -No mapping for GET /comment/getByBlog/1290277842621411328
2020-08-07 23:17:04.767 WARN  [http-nio-8080-exec-9]org.springframework.web.servlet.PageNotFound.noHandlerFound:1251 -No mapping for GET /blog/getGood/1290277842621411328
2020-08-07 23:17:11.266 WARN  [http-nio-8080-exec-8]org.springframework.web.servlet.PageNotFound.noHandlerFound:1251 -No mapping for GET /comment/getByBlog/1290275213300314112
2020-08-07 23:17:11.279 WARN  [http-nio-8080-exec-5]org.springframework.web.servlet.PageNotFound.noHandlerFound:1251 -No mapping for GET /blog/getGood/1290275213300314112
2020-08-07 23:17:11.292 WARN  [http-nio-8080-exec-8]org.springframework.web.servlet.PageNotFound.noHandlerFound:1251 -No mapping for GET /blog/getCollection/1290275213300314112
2020-08-07 23:18:30.195 WARN  [http-nio-8080-exec-3]org.springframework.web.servlet.PageNotFound.noHandlerFound:1251 -No mapping for GET /user/commentAndCollectionCount
2020-08-07 23:20:06.105 WARN  [http-nio-8080-exec-9]org.springframework.web.servlet.PageNotFound.noHandlerFound:1251 -No mapping for GET /user/commentAndCollectionCount
