2020-08-03 16:59:00.108 ERROR [http-nio-8080-exec-3]com.lt.blog.advice.BlogExceptionAdvice.exceptionHandler:25 -统一异常处理：
com.lt.blog.exception.BlogException: 当前账号未登录！
	at com.lt.blog.interceptor.LoginInterceptor.preHandle(LoginInterceptor.java:50)
	at org.springframework.web.servlet.HandlerExecutionChain.applyPreHandle(HandlerExecutionChain.java:141)
	at org.springframework.web.servlet.DispatcherServlet.doDispatch(DispatcherServlet.java:1035)
	at org.springframework.web.servlet.DispatcherServlet.doService(DispatcherServlet.java:943)
	at org.springframework.web.servlet.FrameworkServlet.processRequest(FrameworkServlet.java:1006)
	at org.springframework.web.servlet.FrameworkServlet.doGet(FrameworkServlet.java:898)
	at javax.servlet.http.HttpServlet.service(HttpServlet.java:634)
	at org.springframework.web.servlet.FrameworkServlet.service(FrameworkServlet.java:883)
	at javax.servlet.http.HttpServlet.service(HttpServlet.java:741)
	at org.apache.catalina.core.ApplicationFilterChain.internalDoFilter(ApplicationFilterChain.java:231)
	at org.apache.catalina.core.ApplicationFilterChain.doFilter(ApplicationFilterChain.java:166)
	at org.apache.tomcat.websocket.server.WsFilter.doFilter(WsFilter.java:53)
	at org.apache.catalina.core.ApplicationFilterChain.internalDoFilter(ApplicationFilterChain.java:193)
	at org.apache.catalina.core.ApplicationFilterChain.doFilter(ApplicationFilterChain.java:166)
	at org.apache.shiro.web.servlet.ProxiedFilterChain.doFilter(ProxiedFilterChain.java:61)
	at org.apache.shiro.web.servlet.AdviceFilter.executeChain(AdviceFilter.java:108)
	at org.apache.shiro.web.servlet.AdviceFilter.doFilterInternal(AdviceFilter.java:137)
	at org.apache.shiro.web.servlet.OncePerRequestFilter.doFilter(OncePerRequestFilter.java:125)
	at org.apache.shiro.web.servlet.ProxiedFilterChain.doFilter(ProxiedFilterChain.java:66)
	at org.apache.shiro.web.servlet.AbstractShiroFilter.executeChain(AbstractShiroFilter.java:449)
	at org.apache.shiro.web.servlet.AbstractShiroFilter$1.call(AbstractShiroFilter.java:365)
	at org.apache.shiro.subject.support.SubjectCallable.doCall(SubjectCallable.java:90)
	at org.apache.shiro.subject.support.SubjectCallable.call(SubjectCallable.java:83)
	at org.apache.shiro.subject.support.DelegatingSubject.execute(DelegatingSubject.java:383)
	at org.apache.shiro.web.servlet.AbstractShiroFilter.doFilterInternal(AbstractShiroFilter.java:362)
	at org.apache.shiro.web.servlet.OncePerRequestFilter.doFilter(OncePerRequestFilter.java:125)
	at org.apache.catalina.core.ApplicationFilterChain.internalDoFilter(ApplicationFilterChain.java:193)
	at org.apache.catalina.core.ApplicationFilterChain.doFilter(ApplicationFilterChain.java:166)
	at com.alibaba.druid.support.http.WebStatFilter.doFilter(WebStatFilter.java:123)
	at org.apache.catalina.core.ApplicationFilterChain.internalDoFilter(ApplicationFilterChain.java:193)
	at org.apache.catalina.core.ApplicationFilterChain.doFilter(ApplicationFilterChain.java:166)
	at org.springframework.web.filter.CharacterEncodingFilter.doFilterInternal(CharacterEncodingFilter.java:201)
	at org.springframework.web.filter.OncePerRequestFilter.doFilter(OncePerRequestFilter.java:119)
	at org.apache.catalina.core.ApplicationFilterChain.internalDoFilter(ApplicationFilterChain.java:193)
	at org.apache.catalina.core.ApplicationFilterChain.doFilter(ApplicationFilterChain.java:166)
	at org.apache.catalina.core.StandardWrapperValve.invoke(StandardWrapperValve.java:202)
	at org.apache.catalina.core.StandardContextValve.invoke(StandardContextValve.java:96)
	at org.apache.catalina.authenticator.AuthenticatorBase.invoke(AuthenticatorBase.java:541)
	at org.apache.catalina.core.StandardHostValve.invoke(StandardHostValve.java:139)
	at org.apache.catalina.valves.ErrorReportValve.invoke(ErrorReportValve.java:92)
	at org.apache.catalina.core.StandardEngineValve.invoke(StandardEngineValve.java:74)
	at org.apache.catalina.connector.CoyoteAdapter.service(CoyoteAdapter.java:343)
	at org.apache.coyote.http11.Http11Processor.service(Http11Processor.java:373)
	at org.apache.coyote.AbstractProcessorLight.process(AbstractProcessorLight.java:65)
	at org.apache.coyote.AbstractProtocol$ConnectionHandler.process(AbstractProtocol.java:868)
	at org.apache.tomcat.util.net.NioEndpoint$SocketProcessor.doRun(NioEndpoint.java:1590)
	at org.apache.tomcat.util.net.SocketProcessorBase.run(SocketProcessorBase.java:49)
	at java.base/java.util.concurrent.ThreadPoolExecutor.runWorker(ThreadPoolExecutor.java:1128)
	at java.base/java.util.concurrent.ThreadPoolExecutor$Worker.run(ThreadPoolExecutor.java:628)
	at org.apache.tomcat.util.threads.TaskThread$WrappingRunnable.run(TaskThread.java:61)
	at java.base/java.lang.Thread.run(Thread.java:834)
2020-08-03 17:11:00.082 ERROR [http-nio-8080-exec-6]o.a.c.c.C.[Tomcat].[localhost].[/].[dispatcherServlet].log:175 -Servlet.service() for servlet [dispatcherServlet] threw exception
org.apache.shiro.UnavailableSecurityManagerException: No SecurityManager accessible to the calling code, either bound to the org.apache.shiro.util.ThreadContext or as a vm static singleton.  This is an invalid application configuration.
	at org.apache.shiro.SecurityUtils.getSecurityManager(SecurityUtils.java:123)
	at org.apache.shiro.subject.Subject$Builder.<init>(Subject.java:627)
	at org.apache.shiro.SecurityUtils.getSubject(SecurityUtils.java:56)
	at com.lt.blog.utils.ShiroUtils.getLoginUser(ShiroUtils.java:25)
	at com.lt.blog.interceptor.LoginInterceptor.preHandle(LoginInterceptor.java:44)
	at org.springframework.web.servlet.HandlerExecutionChain.applyPreHandle(HandlerExecutionChain.java:141)
	at org.springframework.web.servlet.DispatcherServlet.doDispatch(DispatcherServlet.java:1035)
	at org.springframework.web.servlet.DispatcherServlet.doService(DispatcherServlet.java:943)
	at org.springframework.web.servlet.FrameworkServlet.processRequest(FrameworkServlet.java:1006)
	at org.springframework.web.servlet.FrameworkServlet.doGet(FrameworkServlet.java:898)
	at javax.servlet.http.HttpServlet.service(HttpServlet.java:634)
	at org.springframework.web.servlet.FrameworkServlet.service(FrameworkServlet.java:883)
	at javax.servlet.http.HttpServlet.service(HttpServlet.java:741)
	at org.apache.catalina.core.ApplicationFilterChain.internalDoFilter(ApplicationFilterChain.java:231)
	at org.apache.catalina.core.ApplicationFilterChain.doFilter(ApplicationFilterChain.java:166)
	at org.springframework.web.filter.OncePerRequestFilter.doFilter(OncePerRequestFilter.java:103)
	at org.apache.catalina.core.ApplicationFilterChain.internalDoFilter(ApplicationFilterChain.java:193)
	at org.apache.catalina.core.ApplicationFilterChain.doFilter(ApplicationFilterChain.java:166)
	at org.apache.catalina.core.ApplicationDispatcher.invoke(ApplicationDispatcher.java:712)
	at org.apache.catalina.core.ApplicationDispatcher.processRequest(ApplicationDispatcher.java:461)
	at org.apache.catalina.core.ApplicationDispatcher.doForward(ApplicationDispatcher.java:384)
	at org.apache.catalina.core.ApplicationDispatcher.forward(ApplicationDispatcher.java:312)
	at org.apache.catalina.core.StandardHostValve.custom(StandardHostValve.java:394)
	at org.apache.catalina.core.StandardHostValve.status(StandardHostValve.java:253)
	at org.apache.catalina.core.StandardHostValve.invoke(StandardHostValve.java:175)
	at org.apache.catalina.valves.ErrorReportValve.invoke(ErrorReportValve.java:92)
	at org.apache.catalina.core.StandardEngineValve.invoke(StandardEngineValve.java:74)
	at org.apache.catalina.connector.CoyoteAdapter.service(CoyoteAdapter.java:343)
	at org.apache.coyote.http11.Http11Processor.service(Http11Processor.java:373)
	at org.apache.coyote.AbstractProcessorLight.process(AbstractProcessorLight.java:65)
	at org.apache.coyote.AbstractProtocol$ConnectionHandler.process(AbstractProtocol.java:868)
	at org.apache.tomcat.util.net.NioEndpoint$SocketProcessor.doRun(NioEndpoint.java:1590)
	at org.apache.tomcat.util.net.SocketProcessorBase.run(SocketProcessorBase.java:49)
	at java.base/java.util.concurrent.ThreadPoolExecutor.runWorker(ThreadPoolExecutor.java:1128)
	at java.base/java.util.concurrent.ThreadPoolExecutor$Worker.run(ThreadPoolExecutor.java:628)
	at org.apache.tomcat.util.threads.TaskThread$WrappingRunnable.run(TaskThread.java:61)
	at java.base/java.lang.Thread.run(Thread.java:834)
2020-08-03 17:11:00.085 ERROR [http-nio-8080-exec-6]o.a.catalina.core.ContainerBase.[Tomcat].[localhost].log:175 -Exception Processing ErrorPage[errorCode=0, location=/error]
org.springframework.web.util.NestedServletException: Request processing failed; nested exception is org.apache.shiro.UnavailableSecurityManagerException: No SecurityManager accessible to the calling code, either bound to the org.apache.shiro.util.ThreadContext or as a vm static singleton.  This is an invalid application configuration.
	at org.springframework.web.servlet.FrameworkServlet.processRequest(FrameworkServlet.java:1014)
	at org.springframework.web.servlet.FrameworkServlet.doGet(FrameworkServlet.java:898)
	at javax.servlet.http.HttpServlet.service(HttpServlet.java:634)
	at org.springframework.web.servlet.FrameworkServlet.service(FrameworkServlet.java:883)
	at javax.servlet.http.HttpServlet.service(HttpServlet.java:741)
	at org.apache.catalina.core.ApplicationFilterChain.internalDoFilter(ApplicationFilterChain.java:231)
	at org.apache.catalina.core.ApplicationFilterChain.doFilter(ApplicationFilterChain.java:166)
	at org.springframework.web.filter.OncePerRequestFilter.doFilter(OncePerRequestFilter.java:103)
	at org.apache.catalina.core.ApplicationFilterChain.internalDoFilter(ApplicationFilterChain.java:193)
	at org.apache.catalina.core.ApplicationFilterChain.doFilter(ApplicationFilterChain.java:166)
	at org.apache.catalina.core.ApplicationDispatcher.invoke(ApplicationDispatcher.java:712)
	at org.apache.catalina.core.ApplicationDispatcher.processRequest(ApplicationDispatcher.java:461)
	at org.apache.catalina.core.ApplicationDispatcher.doForward(ApplicationDispatcher.java:384)
	at org.apache.catalina.core.ApplicationDispatcher.forward(ApplicationDispatcher.java:312)
	at org.apache.catalina.core.StandardHostValve.custom(StandardHostValve.java:394)
	at org.apache.catalina.core.StandardHostValve.status(StandardHostValve.java:253)
	at org.apache.catalina.core.StandardHostValve.invoke(StandardHostValve.java:175)
	at org.apache.catalina.valves.ErrorReportValve.invoke(ErrorReportValve.java:92)
	at org.apache.catalina.core.StandardEngineValve.invoke(StandardEngineValve.java:74)
	at org.apache.catalina.connector.CoyoteAdapter.service(CoyoteAdapter.java:343)
	at org.apache.coyote.http11.Http11Processor.service(Http11Processor.java:373)
	at org.apache.coyote.AbstractProcessorLight.process(AbstractProcessorLight.java:65)
	at org.apache.coyote.AbstractProtocol$ConnectionHandler.process(AbstractProtocol.java:868)
	at org.apache.tomcat.util.net.NioEndpoint$SocketProcessor.doRun(NioEndpoint.java:1590)
	at org.apache.tomcat.util.net.SocketProcessorBase.run(SocketProcessorBase.java:49)
	at java.base/java.util.concurrent.ThreadPoolExecutor.runWorker(ThreadPoolExecutor.java:1128)
	at java.base/java.util.concurrent.ThreadPoolExecutor$Worker.run(ThreadPoolExecutor.java:628)
	at org.apache.tomcat.util.threads.TaskThread$WrappingRunnable.run(TaskThread.java:61)
	at java.base/java.lang.Thread.run(Thread.java:834)
Caused by: org.apache.shiro.UnavailableSecurityManagerException: No SecurityManager accessible to the calling code, either bound to the org.apache.shiro.util.ThreadContext or as a vm static singleton.  This is an invalid application configuration.
	at org.apache.shiro.SecurityUtils.getSecurityManager(SecurityUtils.java:123)
	at org.apache.shiro.subject.Subject$Builder.<init>(Subject.java:627)
	at org.apache.shiro.SecurityUtils.getSubject(SecurityUtils.java:56)
	at com.lt.blog.utils.ShiroUtils.getLoginUser(ShiroUtils.java:25)
	at com.lt.blog.interceptor.LoginInterceptor.preHandle(LoginInterceptor.java:44)
	at org.springframework.web.servlet.HandlerExecutionChain.applyPreHandle(HandlerExecutionChain.java:141)
	at org.springframework.web.servlet.DispatcherServlet.doDispatch(DispatcherServlet.java:1035)
	at org.springframework.web.servlet.DispatcherServlet.doService(DispatcherServlet.java:943)
	at org.springframework.web.servlet.FrameworkServlet.processRequest(FrameworkServlet.java:1006)
	... 28 common frames omitted
2020-08-03 17:13:37.930 ERROR [http-nio-8080-exec-8]o.a.c.c.C.[Tomcat].[localhost].[/].[dispatcherServlet].log:175 -Servlet.service() for servlet [dispatcherServlet] threw exception
org.apache.shiro.UnavailableSecurityManagerException: No SecurityManager accessible to the calling code, either bound to the org.apache.shiro.util.ThreadContext or as a vm static singleton.  This is an invalid application configuration.
	at org.apache.shiro.SecurityUtils.getSecurityManager(SecurityUtils.java:123)
	at org.apache.shiro.subject.Subject$Builder.<init>(Subject.java:627)
	at org.apache.shiro.SecurityUtils.getSubject(SecurityUtils.java:56)
	at com.lt.blog.utils.ShiroUtils.getLoginUser(ShiroUtils.java:25)
	at com.lt.blog.interceptor.LoginInterceptor.preHandle(LoginInterceptor.java:44)
	at org.springframework.web.servlet.HandlerExecutionChain.applyPreHandle(HandlerExecutionChain.java:141)
	at org.springframework.web.servlet.DispatcherServlet.doDispatch(DispatcherServlet.java:1035)
	at org.springframework.web.servlet.DispatcherServlet.doService(DispatcherServlet.java:943)
	at org.springframework.web.servlet.FrameworkServlet.processRequest(FrameworkServlet.java:1006)
	at org.springframework.web.servlet.FrameworkServlet.doGet(FrameworkServlet.java:898)
	at javax.servlet.http.HttpServlet.service(HttpServlet.java:634)
	at org.springframework.web.servlet.FrameworkServlet.service(FrameworkServlet.java:883)
	at javax.servlet.http.HttpServlet.service(HttpServlet.java:741)
	at org.apache.catalina.core.ApplicationFilterChain.internalDoFilter(ApplicationFilterChain.java:231)
	at org.apache.catalina.core.ApplicationFilterChain.doFilter(ApplicationFilterChain.java:166)
	at org.springframework.web.filter.OncePerRequestFilter.doFilter(OncePerRequestFilter.java:103)
	at org.apache.catalina.core.ApplicationFilterChain.internalDoFilter(ApplicationFilterChain.java:193)
	at org.apache.catalina.core.ApplicationFilterChain.doFilter(ApplicationFilterChain.java:166)
	at org.apache.catalina.core.ApplicationDispatcher.invoke(ApplicationDispatcher.java:712)
	at org.apache.catalina.core.ApplicationDispatcher.processRequest(ApplicationDispatcher.java:461)
	at org.apache.catalina.core.ApplicationDispatcher.doForward(ApplicationDispatcher.java:384)
	at org.apache.catalina.core.ApplicationDispatcher.forward(ApplicationDispatcher.java:312)
	at org.apache.catalina.core.StandardHostValve.custom(StandardHostValve.java:394)
	at org.apache.catalina.core.StandardHostValve.status(StandardHostValve.java:253)
	at org.apache.catalina.core.StandardHostValve.invoke(StandardHostValve.java:175)
	at org.apache.catalina.valves.ErrorReportValve.invoke(ErrorReportValve.java:92)
	at org.apache.catalina.core.StandardEngineValve.invoke(StandardEngineValve.java:74)
	at org.apache.catalina.connector.CoyoteAdapter.service(CoyoteAdapter.java:343)
	at org.apache.coyote.http11.Http11Processor.service(Http11Processor.java:373)
	at org.apache.coyote.AbstractProcessorLight.process(AbstractProcessorLight.java:65)
	at org.apache.coyote.AbstractProtocol$ConnectionHandler.process(AbstractProtocol.java:868)
	at org.apache.tomcat.util.net.NioEndpoint$SocketProcessor.doRun(NioEndpoint.java:1590)
	at org.apache.tomcat.util.net.SocketProcessorBase.run(SocketProcessorBase.java:49)
	at java.base/java.util.concurrent.ThreadPoolExecutor.runWorker(ThreadPoolExecutor.java:1128)
	at java.base/java.util.concurrent.ThreadPoolExecutor$Worker.run(ThreadPoolExecutor.java:628)
	at org.apache.tomcat.util.threads.TaskThread$WrappingRunnable.run(TaskThread.java:61)
	at java.base/java.lang.Thread.run(Thread.java:834)
2020-08-03 17:13:37.932 ERROR [http-nio-8080-exec-8]o.a.catalina.core.ContainerBase.[Tomcat].[localhost].log:175 -Exception Processing ErrorPage[errorCode=0, location=/error]
org.springframework.web.util.NestedServletException: Request processing failed; nested exception is org.apache.shiro.UnavailableSecurityManagerException: No SecurityManager accessible to the calling code, either bound to the org.apache.shiro.util.ThreadContext or as a vm static singleton.  This is an invalid application configuration.
	at org.springframework.web.servlet.FrameworkServlet.processRequest(FrameworkServlet.java:1014)
	at org.springframework.web.servlet.FrameworkServlet.doGet(FrameworkServlet.java:898)
	at javax.servlet.http.HttpServlet.service(HttpServlet.java:634)
	at org.springframework.web.servlet.FrameworkServlet.service(FrameworkServlet.java:883)
	at javax.servlet.http.HttpServlet.service(HttpServlet.java:741)
	at org.apache.catalina.core.ApplicationFilterChain.internalDoFilter(ApplicationFilterChain.java:231)
	at org.apache.catalina.core.ApplicationFilterChain.doFilter(ApplicationFilterChain.java:166)
	at org.springframework.web.filter.OncePerRequestFilter.doFilter(OncePerRequestFilter.java:103)
	at org.apache.catalina.core.ApplicationFilterChain.internalDoFilter(ApplicationFilterChain.java:193)
	at org.apache.catalina.core.ApplicationFilterChain.doFilter(ApplicationFilterChain.java:166)
	at org.apache.catalina.core.ApplicationDispatcher.invoke(ApplicationDispatcher.java:712)
	at org.apache.catalina.core.ApplicationDispatcher.processRequest(ApplicationDispatcher.java:461)
	at org.apache.catalina.core.ApplicationDispatcher.doForward(ApplicationDispatcher.java:384)
	at org.apache.catalina.core.ApplicationDispatcher.forward(ApplicationDispatcher.java:312)
	at org.apache.catalina.core.StandardHostValve.custom(StandardHostValve.java:394)
	at org.apache.catalina.core.StandardHostValve.status(StandardHostValve.java:253)
	at org.apache.catalina.core.StandardHostValve.invoke(StandardHostValve.java:175)
	at org.apache.catalina.valves.ErrorReportValve.invoke(ErrorReportValve.java:92)
	at org.apache.catalina.core.StandardEngineValve.invoke(StandardEngineValve.java:74)
	at org.apache.catalina.connector.CoyoteAdapter.service(CoyoteAdapter.java:343)
	at org.apache.coyote.http11.Http11Processor.service(Http11Processor.java:373)
	at org.apache.coyote.AbstractProcessorLight.process(AbstractProcessorLight.java:65)
	at org.apache.coyote.AbstractProtocol$ConnectionHandler.process(AbstractProtocol.java:868)
	at org.apache.tomcat.util.net.NioEndpoint$SocketProcessor.doRun(NioEndpoint.java:1590)
	at org.apache.tomcat.util.net.SocketProcessorBase.run(SocketProcessorBase.java:49)
	at java.base/java.util.concurrent.ThreadPoolExecutor.runWorker(ThreadPoolExecutor.java:1128)
	at java.base/java.util.concurrent.ThreadPoolExecutor$Worker.run(ThreadPoolExecutor.java:628)
	at org.apache.tomcat.util.threads.TaskThread$WrappingRunnable.run(TaskThread.java:61)
	at java.base/java.lang.Thread.run(Thread.java:834)
Caused by: org.apache.shiro.UnavailableSecurityManagerException: No SecurityManager accessible to the calling code, either bound to the org.apache.shiro.util.ThreadContext or as a vm static singleton.  This is an invalid application configuration.
	at org.apache.shiro.SecurityUtils.getSecurityManager(SecurityUtils.java:123)
	at org.apache.shiro.subject.Subject$Builder.<init>(Subject.java:627)
	at org.apache.shiro.SecurityUtils.getSubject(SecurityUtils.java:56)
	at com.lt.blog.utils.ShiroUtils.getLoginUser(ShiroUtils.java:25)
	at com.lt.blog.interceptor.LoginInterceptor.preHandle(LoginInterceptor.java:44)
	at org.springframework.web.servlet.HandlerExecutionChain.applyPreHandle(HandlerExecutionChain.java:141)
	at org.springframework.web.servlet.DispatcherServlet.doDispatch(DispatcherServlet.java:1035)
	at org.springframework.web.servlet.DispatcherServlet.doService(DispatcherServlet.java:943)
	at org.springframework.web.servlet.FrameworkServlet.processRequest(FrameworkServlet.java:1006)
	... 28 common frames omitted
